QuestaSim-64 vcom 2024.2 Compiler 2024.05 May 20 2024
Start time: 09:38:11 on Apr 21,2025
vcom -2008 -work internal/ModelSimContainer/work proj/src/MIPS_types.vhd internal/testpy/tb.vhd proj/src/MIPS_types.vhd proj/src/TopLevel/ZeroFlag.vhd proj/src/TopLevel/mux16t1_32bit.vhd proj/src/TopLevel/control.vhd proj/src/TopLevel/mux2t1_N.vhd proj/src/TopLevel/control_package.vhd proj/src/TopLevel/5BitTo32Decoder.vhd proj/src/TopLevel/org2.vhd proj/src/TopLevel/dffg.vhd proj/src/TopLevel/shifter.vhd proj/src/TopLevel/xor_32.vhd proj/src/TopLevel/mem.vhd proj/src/TopLevel/N_decoder.vhd proj/src/TopLevel/P_Reg.vhd proj/src/TopLevel/ALU.vhd proj/src/TopLevel/xorg2.vhd proj/src/TopLevel/lb_module.vhd proj/src/TopLevel/PC_Module.vhd proj/src/TopLevel/MySecondMIPSDatapath.vhd proj/src/TopLevel/addsub_i.vhd proj/src/TopLevel/mux2to1_5bit.vhd proj/src/TopLevel/or_32.vhd proj/src/TopLevel/forward_unit.vhd proj/src/TopLevel/Adder_N.vhd proj/src/TopLevel/neg_dffg.vhd proj/src/TopLevel/N_Reg.vhd proj/src/TopLevel/nAdder_Sub.vhd proj/src/TopLevel/shmtTo32Decoder.vhd proj/src/TopLevel/hazardDetection.vhd proj/src/TopLevel/mux4to1_32bit.vhd proj/src/TopLevel/mux2to1.vhd proj/src/TopLevel/andg2.vhd proj/src/TopLevel/my_package.vhd proj/src/TopLevel/Fetchmodule.vhd proj/src/TopLevel/mux32t1.vhd proj/src/TopLevel/lh_module.vhd proj/src/TopLevel/and_32.vhd proj/src/TopLevel/MIP_REG.vhd proj/src/TopLevel/Adder.vhd proj/src/TopLevel/OnesComp.vhd proj/src/TopLevel/Append.vhd proj/src/TopLevel/SLL26bTo28b.vhd proj/src/TopLevel/invg.vhd proj/src/TopLevel/MIPS_Processor.vhd proj/src/TopLevel/Extender.vhd proj/src/TopLevel/Adder_4.vhd proj/src/TopLevel/mux8to1_32bit.vhd proj/src/TopLevel/SLL2_32bit.vhd 
-- Loading package STANDARD
-- Loading package TEXTIO
-- Loading package std_logic_1164
-- Compiling package MIPS_types
-- Compiling package body MIPS_types
-- Loading package MIPS_types
-- Loading package std_logic_textio
-- Loading package ENV
-- Compiling entity tb
-- Compiling architecture mixed of tb
** Warning: proj/src/MIPS_types.vhd(15): (vcom-1615) Existing package 'MIPS_types' at line 15 will be overwritten.
-- Compiling package MIPS_types
** Warning: proj/src/MIPS_types.vhd(29): (vcom-1615) Existing package body 'MIPS_types(body)' at line 29 will be overwritten.
-- Compiling package body MIPS_types
-- Loading package MIPS_types
-- Loading package std_logic_arith
-- Loading package STD_LOGIC_UNSIGNED
-- Compiling entity ZeroFlag
-- Compiling architecture Dataflow of ZeroFlag
-- Loading package NUMERIC_STD
-- Loading package control_package
-- Compiling entity mux16t1_32bit
-- Compiling architecture dataflow of mux16t1_32bit
-- Compiling entity control
-- Compiling architecture dataflow of control
-- Compiling entity mux2t1_N
-- Compiling architecture structural of mux2t1_N
-- Compiling package control_package
-- Compiling entity shmtTo32Decoder
-- Compiling architecture dataflow of shmtTo32Decoder
-- Compiling entity org2
-- Compiling architecture dataflow of org2
-- Compiling entity dffg
-- Compiling architecture mixed of dffg
-- Compiling entity Shifter
-- Compiling architecture structural of Shifter
-- Compiling entity xor_32
-- Compiling architecture behavioral of xor_32
-- Compiling entity mem
-- Compiling architecture rtl of mem
-- Compiling entity N_decoder
-- Compiling architecture dataflow of N_decoder
-- Compiling entity P_Reg
-- Compiling architecture structural of P_Reg
-- Loading package control_package
-- Compiling entity ALU
-- Compiling architecture structural of ALU
-- Compiling entity xorg2
-- Compiling architecture dataflow of xorg2
-- Compiling entity lb_module
-- Compiling architecture Behavioral of lb_module
-- Compiling entity PC_Module
-- Compiling architecture structural of PC_Module
-- Loading package my_package
-- Compiling entity MySecondMIPSDatapath
-- Compiling architecture structural of MySecondMIPSDatapath
-- Compiling entity addsub_i
-- Compiling architecture structural of addsub_i
-- Compiling entity mux2to1_5bit
-- Compiling architecture structural of mux2to1_5bit
-- Compiling entity or_32
-- Compiling architecture behavioral of or_32
-- Compiling entity forward_unit
-- Compiling architecture dataflow of forward_unit
-- Compiling entity Adder_N
-- Compiling architecture structural of Adder_N
-- Compiling entity neg_dffg
-- Compiling architecture mixed of neg_dffg
-- Compiling entity N_Reg
-- Compiling architecture structural of N_Reg
-- Compiling entity nAdder_Sub
-- Compiling architecture structural of nAdder_Sub
-- Compiling entity hazzardDetection
-- Compiling architecture dataflow of hazzardDetection
** Error: proj/src/TopLevel/hazardDetection.vhd(68): near ")": syntax error
** Note: proj/src/TopLevel/hazardDetection.vhd(90): VHDL Compiler exiting
End time: 09:38:11 on Apr 21,2025, Elapsed time: 0:00:00
Errors: 1, Warnings: 2
