QuestaSim-64 vcom 2024.2 Compiler 2024.05 May 20 2024
Start time: 22:11:34 on Apr 13,2025
vcom -2008 -work internal/ModelSimContainer/work proj/src/MIPS_types.vhd internal/testpy/tb.vhd proj/src/MIPS_types.vhd proj/src/TopLevel/mux32t1.vhd proj/src/TopLevel/my_package.vhd proj/src/TopLevel/mux2to1.vhd proj/src/TopLevel/nAdder_Sub.vhd proj/src/TopLevel/SLL26bTo28b.vhd proj/src/TopLevel/xor_32.vhd proj/src/TopLevel/P_Reg.vhd proj/src/TopLevel/xorg2.vhd proj/src/TopLevel/MIPS_Processor.vhd proj/src/TopLevel/or_32.vhd proj/src/TopLevel/addsub_i.vhd proj/src/TopLevel/Adder_4.vhd proj/src/TopLevel/mux2t1_N.vhd proj/src/TopLevel/5BitTo32Decoder.vhd proj/src/TopLevel/SLL2_32bit.vhd proj/src/TopLevel/control_package.vhd proj/src/TopLevel/lh_module.vhd proj/src/TopLevel/ZeroFlag.vhd proj/src/TopLevel/mux2to1_5bit.vhd proj/src/TopLevel/mux4to1_32bit.vhd proj/src/TopLevel/MIP_REG.vhd proj/src/TopLevel/dffg.vhd proj/src/TopLevel/MySecondMIPSDatapath.vhd proj/src/TopLevel/Fetchmodule.vhd proj/src/TopLevel/org2.vhd proj/src/TopLevel/shifter.vhd proj/src/TopLevel/PC_Module.vhd proj/src/TopLevel/control.vhd proj/src/TopLevel/lb_module.vhd proj/src/TopLevel/Extender.vhd proj/src/TopLevel/N_decoder.vhd proj/src/TopLevel/invg.vhd proj/src/TopLevel/mem.vhd proj/src/TopLevel/Adder.vhd proj/src/TopLevel/and_32.vhd proj/src/TopLevel/OnesComp.vhd proj/src/TopLevel/mux16t1_32bit.vhd proj/src/TopLevel/Adder_N.vhd proj/src/TopLevel/andg2.vhd proj/src/TopLevel/ALU.vhd proj/src/TopLevel/N_Reg.vhd proj/src/TopLevel/shmtTo32Decoder.vhd proj/src/TopLevel/Append.vhd 
-- Loading package STANDARD
-- Loading package TEXTIO
-- Loading package std_logic_1164
-- Compiling package MIPS_types
-- Compiling package body MIPS_types
-- Loading package MIPS_types
-- Loading package std_logic_textio
-- Loading package ENV
-- Compiling entity tb
-- Compiling architecture mixed of tb
** Warning: proj/src/MIPS_types.vhd(15): (vcom-1615) Existing package 'MIPS_types' at line 15 will be overwritten.
-- Compiling package MIPS_types
** Warning: proj/src/MIPS_types.vhd(29): (vcom-1615) Existing package body 'MIPS_types(body)' at line 29 will be overwritten.
-- Compiling package body MIPS_types
-- Loading package MIPS_types
-- Loading package NUMERIC_STD
-- Loading package my_package
-- Compiling entity mux32t1
-- Compiling architecture dataflow of mux32t1
-- Compiling package my_package
-- Compiling entity mux2to1
-- Compiling architecture dataflow of mux2to1
-- Compiling entity nAdder_Sub
-- Compiling architecture structural of nAdder_Sub
-- Compiling entity SLL26bTo28b
-- Compiling architecture dataflow of SLL26bTo28b
-- Compiling entity xor_32
-- Compiling architecture behavioral of xor_32
-- Compiling entity P_Reg
-- Compiling architecture structural of P_Reg
-- Compiling entity xorg2
-- Compiling architecture dataflow of xorg2
-- Loading package MIPS_types
-- Compiling entity MIPS_Processor
-- Compiling architecture structure of MIPS_Processor
** Error: proj/src/TopLevel/MIPS_Processor.vhd(369): near "pcSrcSel": (vcom-1576) expecting ';'.
** Note: proj/src/TopLevel/MIPS_Processor.vhd(732): VHDL Compiler exiting
End time: 22:11:35 on Apr 13,2025, Elapsed time: 0:00:01
Errors: 1, Warnings: 2
