QuestaSim-64 vcom 2024.2 Compiler 2024.05 May 20 2024
Start time: 11:47:59 on Mar 17,2025
vcom -2008 -work internal/ModelSimContainer/work proj/src/MIPS_types.vhd internal/testpy/tb.vhd proj/src/MIPS_types.vhd proj/src/TopLevel/xorg2.vhd proj/src/TopLevel/control.vhd proj/src/TopLevel/SLL26bTo28b.vhd proj/src/TopLevel/mux2t1_N.vhd proj/src/TopLevel/dffg.vhd proj/src/TopLevel/Append.vhd proj/src/TopLevel/org2.vhd proj/src/TopLevel/mux2to1_5bit.vhd proj/src/TopLevel/Fetchmodule.vhd proj/src/TopLevel/mem.vhd proj/src/TopLevel/Adder_N.vhd proj/src/TopLevel/MySecondMIPSDatapath.vhd proj/src/TopLevel/addsub_i.vhd proj/src/TopLevel/MIPS_Processor.vhd proj/src/TopLevel/my_package.vhd proj/src/TopLevel/mux2to1.vhd proj/src/TopLevel/Adder.vhd proj/src/TopLevel/N_decoder.vhd proj/src/TopLevel/mux32t1.vhd proj/src/TopLevel/nAdder_Sub.vhd proj/src/TopLevel/N_Reg.vhd proj/src/TopLevel/SLL2_32bit.vhd proj/src/TopLevel/OnesComp.vhd proj/src/TopLevel/andg2.vhd proj/src/TopLevel/invg.vhd proj/src/TopLevel/MIP_REG.vhd proj/src/TopLevel/Extender.vhd 
-- Loading package STANDARD
-- Loading package TEXTIO
-- Loading package std_logic_1164
-- Compiling package MIPS_types
-- Compiling package body MIPS_types
-- Loading package MIPS_types
-- Loading package std_logic_textio
-- Loading package ENV
-- Compiling entity tb
-- Compiling architecture mixed of tb
** Warning: proj/src/MIPS_types.vhd(15): (vcom-1615) Existing package 'MIPS_types' at line 15 will be overwritten.
-- Compiling package MIPS_types
** Warning: proj/src/MIPS_types.vhd(29): (vcom-1615) Existing package body 'MIPS_types(body)' at line 29 will be overwritten.
-- Compiling package body MIPS_types
-- Loading package MIPS_types
-- Compiling entity xorg2
-- Compiling architecture dataflow of xorg2
-- Loading package std_logic_arith
-- Loading package STD_LOGIC_UNSIGNED
-- Compiling entity control
-- Compiling architecture dataflow of control
-- Compiling entity SLL26bTo28b
-- Compiling architecture dataflow of SLL26bTo28b
-- Compiling entity mux2t1_N
-- Compiling architecture structural of mux2t1_N
-- Compiling entity dffg
-- Compiling architecture mixed of dffg
-- Compiling entity Append
-- Compiling architecture dataflow of Append
-- Compiling entity org2
-- Compiling architecture dataflow of org2
-- Compiling entity mux2to1_5bit
-- Compiling architecture structural of mux2to1_5bit
-- Loading package NUMERIC_STD
-- Compiling entity Fetchmodule
-- Compiling architecture structural of Fetchmodule
-- Compiling entity mem
-- Compiling architecture rtl of mem
-- Compiling entity Adder_N
-- Compiling architecture structural of Adder_N
** Error: (vcom-11) Could not find work.my_package.
** Error (suppressible): proj/src/TopLevel/MySecondMIPSDatapath.vhd(4): (vcom-1195) Cannot find expanded name "work.my_package".
** Error: proj/src/TopLevel/MySecondMIPSDatapath.vhd(4): Unknown expanded name.
** Note: proj/src/TopLevel/MySecondMIPSDatapath.vhd(6): VHDL Compiler exiting
End time: 11:47:59 on Mar 17,2025, Elapsed time: 0:00:00
Errors: 3, Warnings: 2
