Info: *******************************************************************
Info: Running Quartus Prime Analysis & Synthesis
    Info: Version 20.1.1 Build 720 11/11/2020 SJ Standard Edition
    Info: Copyright (C) 2020  Intel Corporation. All rights reserved.
    Info: Your use of Intel Corporation's design tools, logic functions 
    Info: and other software and tools, and any partner logic 
    Info: functions, and any output files from any of the foregoing 
    Info: (including device programming or simulation files), and any 
    Info: associated documentation or information are expressly subject 
    Info: to the terms and conditions of the Intel Program License 
    Info: Subscription Agreement, the Intel Quartus Prime License Agreement,
    Info: the Intel FPGA IP License Agreement, or other applicable license
    Info: agreement, including, without limitation, that your use is for
    Info: the sole purpose of programming logic devices manufactured by
    Info: Intel and sold by Intel or its authorized distributors.  Please
    Info: refer to the applicable agreement for further details, at
    Info: https://fpgasoftware.intel.com/eula.
    Info: Processing started: Mon Apr 21 12:27:03 2025
Info: Command: quartus_map --read_settings_files=on --write_settings_files=off toolflow -c toolflow
Warning (18236): Number of processors has not been specified which may cause overloading on shared machines.  Set the global assignment NUM_PARALLEL_PROCESSORS in your QSF to an appropriate value for best performance.
Info (20030): Parallel compilation is enabled and will use 12 of the 12 processors detected
Info (12021): Found 2 design units, including 0 entities, in source file /home/choong/CPRE381/CPRE-3810-Project-1/Hardware/cpre381-toolflow/cpre381-toolflow/proj/src/MIPS_types.vhd
    Info (12022): Found design unit 1: MIPS_types File: /home/choong/CPRE381/CPRE-3810-Project-1/Hardware/cpre381-toolflow/cpre381-toolflow/proj/src/MIPS_types.vhd Line: 15
    Info (12022): Found design unit 2: MIPS_types-body File: /home/choong/CPRE381/CPRE-3810-Project-1/Hardware/cpre381-toolflow/cpre381-toolflow/proj/src/MIPS_types.vhd Line: 29
Info (12021): Found 2 design units, including 1 entities, in source file /home/choong/CPRE381/CPRE-3810-Project-1/Hardware/cpre381-toolflow/cpre381-toolflow/proj/src/TopLevel/5BitTo32Decoder.vhd
    Info (12022): Found design unit 1: shmtTo32Decoder-dataflow File: /home/choong/CPRE381/CPRE-3810-Project-1/Hardware/cpre381-toolflow/cpre381-toolflow/proj/src/TopLevel/5BitTo32Decoder.vhd Line: 13
    Info (12023): Found entity 1: shmtTo32Decoder File: /home/choong/CPRE381/CPRE-3810-Project-1/Hardware/cpre381-toolflow/cpre381-toolflow/proj/src/TopLevel/5BitTo32Decoder.vhd Line: 5
Info (12021): Found 2 design units, including 1 entities, in source file /home/choong/CPRE381/CPRE-3810-Project-1/Hardware/cpre381-toolflow/cpre381-toolflow/proj/src/TopLevel/ALU.vhd
    Info (12022): Found design unit 1: ALU-structural File: /home/choong/CPRE381/CPRE-3810-Project-1/Hardware/cpre381-toolflow/cpre381-toolflow/proj/src/TopLevel/ALU.vhd Line: 20
    Info (12023): Found entity 1: ALU File: /home/choong/CPRE381/CPRE-3810-Project-1/Hardware/cpre381-toolflow/cpre381-toolflow/proj/src/TopLevel/ALU.vhd Line: 6
Info (12021): Found 2 design units, including 1 entities, in source file /home/choong/CPRE381/CPRE-3810-Project-1/Hardware/cpre381-toolflow/cpre381-toolflow/proj/src/TopLevel/Adder.vhd
    Info (12022): Found design unit 1: Adder-structure File: /home/choong/CPRE381/CPRE-3810-Project-1/Hardware/cpre381-toolflow/cpre381-toolflow/proj/src/TopLevel/Adder.vhd Line: 13
    Info (12023): Found entity 1: Adder File: /home/choong/CPRE381/CPRE-3810-Project-1/Hardware/cpre381-toolflow/cpre381-toolflow/proj/src/TopLevel/Adder.vhd Line: 5
Info (12021): Found 2 design units, including 1 entities, in source file /home/choong/CPRE381/CPRE-3810-Project-1/Hardware/cpre381-toolflow/cpre381-toolflow/proj/src/TopLevel/Adder_4.vhd
    Info (12022): Found design unit 1: Adder_4-structural File: /home/choong/CPRE381/CPRE-3810-Project-1/Hardware/cpre381-toolflow/cpre381-toolflow/proj/src/TopLevel/Adder_4.vhd Line: 12
    Info (12023): Found entity 1: Adder_4 File: /home/choong/CPRE381/CPRE-3810-Project-1/Hardware/cpre381-toolflow/cpre381-toolflow/proj/src/TopLevel/Adder_4.vhd Line: 5
Info (12021): Found 2 design units, including 1 entities, in source file /home/choong/CPRE381/CPRE-3810-Project-1/Hardware/cpre381-toolflow/cpre381-toolflow/proj/src/TopLevel/Adder_N.vhd
    Info (12022): Found design unit 1: Adder_N-structural File: /home/choong/CPRE381/CPRE-3810-Project-1/Hardware/cpre381-toolflow/cpre381-toolflow/proj/src/TopLevel/Adder_N.vhd Line: 15
    Info (12023): Found entity 1: Adder_N File: /home/choong/CPRE381/CPRE-3810-Project-1/Hardware/cpre381-toolflow/cpre381-toolflow/proj/src/TopLevel/Adder_N.vhd Line: 4
Info (12021): Found 2 design units, including 1 entities, in source file /home/choong/CPRE381/CPRE-3810-Project-1/Hardware/cpre381-toolflow/cpre381-toolflow/proj/src/TopLevel/Append.vhd
    Info (12022): Found design unit 1: Append-dataflow File: /home/choong/CPRE381/CPRE-3810-Project-1/Hardware/cpre381-toolflow/cpre381-toolflow/proj/src/TopLevel/Append.vhd Line: 14
    Info (12023): Found entity 1: Append File: /home/choong/CPRE381/CPRE-3810-Project-1/Hardware/cpre381-toolflow/cpre381-toolflow/proj/src/TopLevel/Append.vhd Line: 4
Info (12021): Found 2 design units, including 1 entities, in source file /home/choong/CPRE381/CPRE-3810-Project-1/Hardware/cpre381-toolflow/cpre381-toolflow/proj/src/TopLevel/Extender.vhd
    Info (12022): Found design unit 1: Extender-dataflow File: /home/choong/CPRE381/CPRE-3810-Project-1/Hardware/cpre381-toolflow/cpre381-toolflow/proj/src/TopLevel/Extender.vhd Line: 12
    Info (12023): Found entity 1: Extender File: /home/choong/CPRE381/CPRE-3810-Project-1/Hardware/cpre381-toolflow/cpre381-toolflow/proj/src/TopLevel/Extender.vhd Line: 4
Info (12021): Found 2 design units, including 1 entities, in source file /home/choong/CPRE381/CPRE-3810-Project-1/Hardware/cpre381-toolflow/cpre381-toolflow/proj/src/TopLevel/Fetchmodule.vhd
    Info (12022): Found design unit 1: Fetchmodule-structural File: /home/choong/CPRE381/CPRE-3810-Project-1/Hardware/cpre381-toolflow/cpre381-toolflow/proj/src/TopLevel/Fetchmodule.vhd Line: 21
    Info (12023): Found entity 1: Fetchmodule File: /home/choong/CPRE381/CPRE-3810-Project-1/Hardware/cpre381-toolflow/cpre381-toolflow/proj/src/TopLevel/Fetchmodule.vhd Line: 5
Info (12021): Found 2 design units, including 1 entities, in source file /home/choong/CPRE381/CPRE-3810-Project-1/Hardware/cpre381-toolflow/cpre381-toolflow/proj/src/TopLevel/MIPS_Processor.vhd
    Info (12022): Found design unit 1: MIPS_Processor-structure File: /home/choong/CPRE381/CPRE-3810-Project-1/Hardware/cpre381-toolflow/cpre381-toolflow/proj/src/TopLevel/MIPS_Processor.vhd Line: 35
    Info (12023): Found entity 1: MIPS_Processor File: /home/choong/CPRE381/CPRE-3810-Project-1/Hardware/cpre381-toolflow/cpre381-toolflow/proj/src/TopLevel/MIPS_Processor.vhd Line: 23
Info (12021): Found 2 design units, including 1 entities, in source file /home/choong/CPRE381/CPRE-3810-Project-1/Hardware/cpre381-toolflow/cpre381-toolflow/proj/src/TopLevel/MIP_REG.vhd
    Info (12022): Found design unit 1: MIP_REG-structural File: /home/choong/CPRE381/CPRE-3810-Project-1/Hardware/cpre381-toolflow/cpre381-toolflow/proj/src/TopLevel/MIP_REG.vhd Line: 20
    Info (12023): Found entity 1: MIP_REG File: /home/choong/CPRE381/CPRE-3810-Project-1/Hardware/cpre381-toolflow/cpre381-toolflow/proj/src/TopLevel/MIP_REG.vhd Line: 6
Info (12021): Found 2 design units, including 1 entities, in source file /home/choong/CPRE381/CPRE-3810-Project-1/Hardware/cpre381-toolflow/cpre381-toolflow/proj/src/TopLevel/MySecondMIPSDatapath.vhd
    Info (12022): Found design unit 1: MySecondMIPSDatapath-structural File: /home/choong/CPRE381/CPRE-3810-Project-1/Hardware/cpre381-toolflow/cpre381-toolflow/proj/src/TopLevel/MySecondMIPSDatapath.vhd Line: 26
    Info (12023): Found entity 1: MySecondMIPSDatapath File: /home/choong/CPRE381/CPRE-3810-Project-1/Hardware/cpre381-toolflow/cpre381-toolflow/proj/src/TopLevel/MySecondMIPSDatapath.vhd Line: 6
Info (12021): Found 2 design units, including 1 entities, in source file /home/choong/CPRE381/CPRE-3810-Project-1/Hardware/cpre381-toolflow/cpre381-toolflow/proj/src/TopLevel/N_Reg.vhd
    Info (12022): Found design unit 1: N_Reg-structural File: /home/choong/CPRE381/CPRE-3810-Project-1/Hardware/cpre381-toolflow/cpre381-toolflow/proj/src/TopLevel/N_Reg.vhd Line: 17
    Info (12023): Found entity 1: N_Reg File: /home/choong/CPRE381/CPRE-3810-Project-1/Hardware/cpre381-toolflow/cpre381-toolflow/proj/src/TopLevel/N_Reg.vhd Line: 4
Info (12021): Found 2 design units, including 1 entities, in source file /home/choong/CPRE381/CPRE-3810-Project-1/Hardware/cpre381-toolflow/cpre381-toolflow/proj/src/TopLevel/N_decoder.vhd
    Info (12022): Found design unit 1: N_decoder-dataflow File: /home/choong/CPRE381/CPRE-3810-Project-1/Hardware/cpre381-toolflow/cpre381-toolflow/proj/src/TopLevel/N_decoder.vhd Line: 13
    Info (12023): Found entity 1: N_decoder File: /home/choong/CPRE381/CPRE-3810-Project-1/Hardware/cpre381-toolflow/cpre381-toolflow/proj/src/TopLevel/N_decoder.vhd Line: 5
Info (12021): Found 2 design units, including 1 entities, in source file /home/choong/CPRE381/CPRE-3810-Project-1/Hardware/cpre381-toolflow/cpre381-toolflow/proj/src/TopLevel/OnesComp.vhd
    Info (12022): Found design unit 1: OnesComp-structural File: /home/choong/CPRE381/CPRE-3810-Project-1/Hardware/cpre381-toolflow/cpre381-toolflow/proj/src/TopLevel/OnesComp.vhd Line: 12
    Info (12023): Found entity 1: OnesComp File: /home/choong/CPRE381/CPRE-3810-Project-1/Hardware/cpre381-toolflow/cpre381-toolflow/proj/src/TopLevel/OnesComp.vhd Line: 4
Info (12021): Found 2 design units, including 1 entities, in source file /home/choong/CPRE381/CPRE-3810-Project-1/Hardware/cpre381-toolflow/cpre381-toolflow/proj/src/TopLevel/PC_Module.vhd
    Info (12022): Found design unit 1: PC_Module-structural File: /home/choong/CPRE381/CPRE-3810-Project-1/Hardware/cpre381-toolflow/cpre381-toolflow/proj/src/TopLevel/PC_Module.vhd Line: 15
    Info (12023): Found entity 1: PC_Module File: /home/choong/CPRE381/CPRE-3810-Project-1/Hardware/cpre381-toolflow/cpre381-toolflow/proj/src/TopLevel/PC_Module.vhd Line: 4
Info (12021): Found 2 design units, including 1 entities, in source file /home/choong/CPRE381/CPRE-3810-Project-1/Hardware/cpre381-toolflow/cpre381-toolflow/proj/src/TopLevel/P_Reg.vhd
    Info (12022): Found design unit 1: P_Reg-structural File: /home/choong/CPRE381/CPRE-3810-Project-1/Hardware/cpre381-toolflow/cpre381-toolflow/proj/src/TopLevel/P_Reg.vhd Line: 15
    Info (12023): Found entity 1: P_Reg File: /home/choong/CPRE381/CPRE-3810-Project-1/Hardware/cpre381-toolflow/cpre381-toolflow/proj/src/TopLevel/P_Reg.vhd Line: 4
Info (12021): Found 2 design units, including 1 entities, in source file /home/choong/CPRE381/CPRE-3810-Project-1/Hardware/cpre381-toolflow/cpre381-toolflow/proj/src/TopLevel/SLL26bTo28b.vhd
    Info (12022): Found design unit 1: SLL26bTo28b-dataflow File: /home/choong/CPRE381/CPRE-3810-Project-1/Hardware/cpre381-toolflow/cpre381-toolflow/proj/src/TopLevel/SLL26bTo28b.vhd Line: 13
    Info (12023): Found entity 1: SLL26bTo28b File: /home/choong/CPRE381/CPRE-3810-Project-1/Hardware/cpre381-toolflow/cpre381-toolflow/proj/src/TopLevel/SLL26bTo28b.vhd Line: 4
Info (12021): Found 2 design units, including 1 entities, in source file /home/choong/CPRE381/CPRE-3810-Project-1/Hardware/cpre381-toolflow/cpre381-toolflow/proj/src/TopLevel/SLL2_32bit.vhd
    Info (12022): Found design unit 1: SLL2_32bit-dataflow File: /home/choong/CPRE381/CPRE-3810-Project-1/Hardware/cpre381-toolflow/cpre381-toolflow/proj/src/TopLevel/SLL2_32bit.vhd Line: 13
    Info (12023): Found entity 1: SLL2_32bit File: /home/choong/CPRE381/CPRE-3810-Project-1/Hardware/cpre381-toolflow/cpre381-toolflow/proj/src/TopLevel/SLL2_32bit.vhd Line: 4
Info (12021): Found 2 design units, including 1 entities, in source file /home/choong/CPRE381/CPRE-3810-Project-1/Hardware/cpre381-toolflow/cpre381-toolflow/proj/src/TopLevel/ZeroFlag.vhd
    Info (12022): Found design unit 1: ZeroFlag-Dataflow File: /home/choong/CPRE381/CPRE-3810-Project-1/Hardware/cpre381-toolflow/cpre381-toolflow/proj/src/TopLevel/ZeroFlag.vhd Line: 11
    Info (12023): Found entity 1: ZeroFlag File: /home/choong/CPRE381/CPRE-3810-Project-1/Hardware/cpre381-toolflow/cpre381-toolflow/proj/src/TopLevel/ZeroFlag.vhd Line: 6
Info (12021): Found 2 design units, including 1 entities, in source file /home/choong/CPRE381/CPRE-3810-Project-1/Hardware/cpre381-toolflow/cpre381-toolflow/proj/src/TopLevel/addsub_i.vhd
    Info (12022): Found design unit 1: addsub_i-structural File: /home/choong/CPRE381/CPRE-3810-Project-1/Hardware/cpre381-toolflow/cpre381-toolflow/proj/src/TopLevel/addsub_i.vhd Line: 16
    Info (12023): Found entity 1: addsub_i File: /home/choong/CPRE381/CPRE-3810-Project-1/Hardware/cpre381-toolflow/cpre381-toolflow/proj/src/TopLevel/addsub_i.vhd Line: 5
Info (12021): Found 2 design units, including 1 entities, in source file /home/choong/CPRE381/CPRE-3810-Project-1/Hardware/cpre381-toolflow/cpre381-toolflow/proj/src/TopLevel/and_32.vhd
    Info (12022): Found design unit 1: and_32-behavioral File: /home/choong/CPRE381/CPRE-3810-Project-1/Hardware/cpre381-toolflow/cpre381-toolflow/proj/src/TopLevel/and_32.vhd Line: 12
    Info (12023): Found entity 1: and_32 File: /home/choong/CPRE381/CPRE-3810-Project-1/Hardware/cpre381-toolflow/cpre381-toolflow/proj/src/TopLevel/and_32.vhd Line: 4
Info (12021): Found 2 design units, including 1 entities, in source file /home/choong/CPRE381/CPRE-3810-Project-1/Hardware/cpre381-toolflow/cpre381-toolflow/proj/src/TopLevel/andg2.vhd
    Info (12022): Found design unit 1: andg2-dataflow File: /home/choong/CPRE381/CPRE-3810-Project-1/Hardware/cpre381-toolflow/cpre381-toolflow/proj/src/TopLevel/andg2.vhd Line: 31
    Info (12023): Found entity 1: andg2 File: /home/choong/CPRE381/CPRE-3810-Project-1/Hardware/cpre381-toolflow/cpre381-toolflow/proj/src/TopLevel/andg2.vhd Line: 23
Info (12021): Found 2 design units, including 1 entities, in source file /home/choong/CPRE381/CPRE-3810-Project-1/Hardware/cpre381-toolflow/cpre381-toolflow/proj/src/TopLevel/control.vhd
    Info (12022): Found design unit 1: control-dataflow File: /home/choong/CPRE381/CPRE-3810-Project-1/Hardware/cpre381-toolflow/cpre381-toolflow/proj/src/TopLevel/control.vhd Line: 29
    Info (12023): Found entity 1: control File: /home/choong/CPRE381/CPRE-3810-Project-1/Hardware/cpre381-toolflow/cpre381-toolflow/proj/src/TopLevel/control.vhd Line: 5
Info (12021): Found 1 design units, including 0 entities, in source file /home/choong/CPRE381/CPRE-3810-Project-1/Hardware/cpre381-toolflow/cpre381-toolflow/proj/src/TopLevel/control_package.vhd
    Info (12022): Found design unit 1: control_package File: /home/choong/CPRE381/CPRE-3810-Project-1/Hardware/cpre381-toolflow/cpre381-toolflow/proj/src/TopLevel/control_package.vhd Line: 4
Info (12021): Found 2 design units, including 1 entities, in source file /home/choong/CPRE381/CPRE-3810-Project-1/Hardware/cpre381-toolflow/cpre381-toolflow/proj/src/TopLevel/dffg.vhd
    Info (12022): Found design unit 1: dffg-mixed File: /home/choong/CPRE381/CPRE-3810-Project-1/Hardware/cpre381-toolflow/cpre381-toolflow/proj/src/TopLevel/dffg.vhd Line: 35
    Info (12023): Found entity 1: dffg File: /home/choong/CPRE381/CPRE-3810-Project-1/Hardware/cpre381-toolflow/cpre381-toolflow/proj/src/TopLevel/dffg.vhd Line: 23
Info (12021): Found 2 design units, including 1 entities, in source file /home/choong/CPRE381/CPRE-3810-Project-1/Hardware/cpre381-toolflow/cpre381-toolflow/proj/src/TopLevel/forward_unit.vhd
    Info (12022): Found design unit 1: forward_unit-dataflow File: /home/choong/CPRE381/CPRE-3810-Project-1/Hardware/cpre381-toolflow/cpre381-toolflow/proj/src/TopLevel/forward_unit.vhd Line: 31
    Info (12023): Found entity 1: forward_unit File: /home/choong/CPRE381/CPRE-3810-Project-1/Hardware/cpre381-toolflow/cpre381-toolflow/proj/src/TopLevel/forward_unit.vhd Line: 5
Info (12021): Found 2 design units, including 1 entities, in source file /home/choong/CPRE381/CPRE-3810-Project-1/Hardware/cpre381-toolflow/cpre381-toolflow/proj/src/TopLevel/hazardDetection.vhd
    Info (12022): Found design unit 1: hazzardDetection-dataflow File: /home/choong/CPRE381/CPRE-3810-Project-1/Hardware/cpre381-toolflow/cpre381-toolflow/proj/src/TopLevel/hazardDetection.vhd Line: 30
    Info (12023): Found entity 1: hazzardDetection File: /home/choong/CPRE381/CPRE-3810-Project-1/Hardware/cpre381-toolflow/cpre381-toolflow/proj/src/TopLevel/hazardDetection.vhd Line: 5
Info (12021): Found 2 design units, including 1 entities, in source file /home/choong/CPRE381/CPRE-3810-Project-1/Hardware/cpre381-toolflow/cpre381-toolflow/proj/src/TopLevel/invg.vhd
    Info (12022): Found design unit 1: invg-dataflow File: /home/choong/CPRE381/CPRE-3810-Project-1/Hardware/cpre381-toolflow/cpre381-toolflow/proj/src/TopLevel/invg.vhd Line: 30
    Info (12023): Found entity 1: invg File: /home/choong/CPRE381/CPRE-3810-Project-1/Hardware/cpre381-toolflow/cpre381-toolflow/proj/src/TopLevel/invg.vhd Line: 23
Info (12021): Found 2 design units, including 1 entities, in source file /home/choong/CPRE381/CPRE-3810-Project-1/Hardware/cpre381-toolflow/cpre381-toolflow/proj/src/TopLevel/lb_module.vhd
    Info (12022): Found design unit 1: lb_module-Behavioral File: /home/choong/CPRE381/CPRE-3810-Project-1/Hardware/cpre381-toolflow/cpre381-toolflow/proj/src/TopLevel/lb_module.vhd Line: 14
    Info (12023): Found entity 1: lb_module File: /home/choong/CPRE381/CPRE-3810-Project-1/Hardware/cpre381-toolflow/cpre381-toolflow/proj/src/TopLevel/lb_module.vhd Line: 5
Info (12021): Found 2 design units, including 1 entities, in source file /home/choong/CPRE381/CPRE-3810-Project-1/Hardware/cpre381-toolflow/cpre381-toolflow/proj/src/TopLevel/lh_module.vhd
    Info (12022): Found design unit 1: lh_module-Behavioral File: /home/choong/CPRE381/CPRE-3810-Project-1/Hardware/cpre381-toolflow/cpre381-toolflow/proj/src/TopLevel/lh_module.vhd Line: 14
    Info (12023): Found entity 1: lh_module File: /home/choong/CPRE381/CPRE-3810-Project-1/Hardware/cpre381-toolflow/cpre381-toolflow/proj/src/TopLevel/lh_module.vhd Line: 5
Info (12021): Found 2 design units, including 1 entities, in source file /home/choong/CPRE381/CPRE-3810-Project-1/Hardware/cpre381-toolflow/cpre381-toolflow/proj/src/TopLevel/mem.vhd
    Info (12022): Found design unit 1: mem-rtl File: /home/choong/CPRE381/CPRE-3810-Project-1/Hardware/cpre381-toolflow/cpre381-toolflow/proj/src/TopLevel/mem.vhd Line: 27
    Info (12023): Found entity 1: mem File: /home/choong/CPRE381/CPRE-3810-Project-1/Hardware/cpre381-toolflow/cpre381-toolflow/proj/src/TopLevel/mem.vhd Line: 8
Info (12021): Found 2 design units, including 1 entities, in source file /home/choong/CPRE381/CPRE-3810-Project-1/Hardware/cpre381-toolflow/cpre381-toolflow/proj/src/TopLevel/mux16t1_32bit.vhd
    Info (12022): Found design unit 1: mux16t1_32bit-dataflow File: /home/choong/CPRE381/CPRE-3810-Project-1/Hardware/cpre381-toolflow/cpre381-toolflow/proj/src/TopLevel/mux16t1_32bit.vhd Line: 16
    Info (12023): Found entity 1: mux16t1_32bit File: /home/choong/CPRE381/CPRE-3810-Project-1/Hardware/cpre381-toolflow/cpre381-toolflow/proj/src/TopLevel/mux16t1_32bit.vhd Line: 7
Info (12021): Found 2 design units, including 1 entities, in source file /home/choong/CPRE381/CPRE-3810-Project-1/Hardware/cpre381-toolflow/cpre381-toolflow/proj/src/TopLevel/mux2t1_N.vhd
    Info (12022): Found design unit 1: mux2t1_N-structural File: /home/choong/CPRE381/CPRE-3810-Project-1/Hardware/cpre381-toolflow/cpre381-toolflow/proj/src/TopLevel/mux2t1_N.vhd Line: 30
    Info (12023): Found entity 1: mux2t1_N File: /home/choong/CPRE381/CPRE-3810-Project-1/Hardware/cpre381-toolflow/cpre381-toolflow/proj/src/TopLevel/mux2t1_N.vhd Line: 21
Info (12021): Found 2 design units, including 1 entities, in source file /home/choong/CPRE381/CPRE-3810-Project-1/Hardware/cpre381-toolflow/cpre381-toolflow/proj/src/TopLevel/mux2to1.vhd
    Info (12022): Found design unit 1: mux2to1-dataflow File: /home/choong/CPRE381/CPRE-3810-Project-1/Hardware/cpre381-toolflow/cpre381-toolflow/proj/src/TopLevel/mux2to1.vhd Line: 14
    Info (12023): Found entity 1: mux2to1 File: /home/choong/CPRE381/CPRE-3810-Project-1/Hardware/cpre381-toolflow/cpre381-toolflow/proj/src/TopLevel/mux2to1.vhd Line: 5
Info (12021): Found 2 design units, including 1 entities, in source file /home/choong/CPRE381/CPRE-3810-Project-1/Hardware/cpre381-toolflow/cpre381-toolflow/proj/src/TopLevel/mux2to1_5bit.vhd
    Info (12022): Found design unit 1: mux2to1_5bit-structural File: /home/choong/CPRE381/CPRE-3810-Project-1/Hardware/cpre381-toolflow/cpre381-toolflow/proj/src/TopLevel/mux2to1_5bit.vhd Line: 13
    Info (12023): Found entity 1: mux2to1_5bit File: /home/choong/CPRE381/CPRE-3810-Project-1/Hardware/cpre381-toolflow/cpre381-toolflow/proj/src/TopLevel/mux2to1_5bit.vhd Line: 4
Info (12021): Found 2 design units, including 1 entities, in source file /home/choong/CPRE381/CPRE-3810-Project-1/Hardware/cpre381-toolflow/cpre381-toolflow/proj/src/TopLevel/mux32t1.vhd
    Info (12022): Found design unit 1: mux32t1-dataflow File: /home/choong/CPRE381/CPRE-3810-Project-1/Hardware/cpre381-toolflow/cpre381-toolflow/proj/src/TopLevel/mux32t1.vhd Line: 16
    Info (12023): Found entity 1: mux32t1 File: /home/choong/CPRE381/CPRE-3810-Project-1/Hardware/cpre381-toolflow/cpre381-toolflow/proj/src/TopLevel/mux32t1.vhd Line: 7
Info (12021): Found 2 design units, including 1 entities, in source file /home/choong/CPRE381/CPRE-3810-Project-1/Hardware/cpre381-toolflow/cpre381-toolflow/proj/src/TopLevel/mux4to1_32bit.vhd
    Info (12022): Found design unit 1: mux4to1_32bit-Behavioral File: /home/choong/CPRE381/CPRE-3810-Project-1/Hardware/cpre381-toolflow/cpre381-toolflow/proj/src/TopLevel/mux4to1_32bit.vhd Line: 15
    Info (12023): Found entity 1: mux4to1_32bit File: /home/choong/CPRE381/CPRE-3810-Project-1/Hardware/cpre381-toolflow/cpre381-toolflow/proj/src/TopLevel/mux4to1_32bit.vhd Line: 4
Info (12021): Found 2 design units, including 1 entities, in source file /home/choong/CPRE381/CPRE-3810-Project-1/Hardware/cpre381-toolflow/cpre381-toolflow/proj/src/TopLevel/mux8to1_32bit.vhd
    Info (12022): Found design unit 1: mux8to1_32bit-Behavioral File: /home/choong/CPRE381/CPRE-3810-Project-1/Hardware/cpre381-toolflow/cpre381-toolflow/proj/src/TopLevel/mux8to1_32bit.vhd Line: 19
    Info (12023): Found entity 1: mux8to1_32bit File: /home/choong/CPRE381/CPRE-3810-Project-1/Hardware/cpre381-toolflow/cpre381-toolflow/proj/src/TopLevel/mux8to1_32bit.vhd Line: 4
Info (12021): Found 1 design units, including 0 entities, in source file /home/choong/CPRE381/CPRE-3810-Project-1/Hardware/cpre381-toolflow/cpre381-toolflow/proj/src/TopLevel/my_package.vhd
    Info (12022): Found design unit 1: my_package File: /home/choong/CPRE381/CPRE-3810-Project-1/Hardware/cpre381-toolflow/cpre381-toolflow/proj/src/TopLevel/my_package.vhd Line: 4
Info (12021): Found 2 design units, including 1 entities, in source file /home/choong/CPRE381/CPRE-3810-Project-1/Hardware/cpre381-toolflow/cpre381-toolflow/proj/src/TopLevel/nAdder_Sub.vhd
    Info (12022): Found design unit 1: nAdder_Sub-structural File: /home/choong/CPRE381/CPRE-3810-Project-1/Hardware/cpre381-toolflow/cpre381-toolflow/proj/src/TopLevel/nAdder_Sub.vhd Line: 16
    Info (12023): Found entity 1: nAdder_Sub File: /home/choong/CPRE381/CPRE-3810-Project-1/Hardware/cpre381-toolflow/cpre381-toolflow/proj/src/TopLevel/nAdder_Sub.vhd Line: 6
Info (12021): Found 2 design units, including 1 entities, in source file /home/choong/CPRE381/CPRE-3810-Project-1/Hardware/cpre381-toolflow/cpre381-toolflow/proj/src/TopLevel/neg_dffg.vhd
    Info (12022): Found design unit 1: neg_dffg-mixed File: /home/choong/CPRE381/CPRE-3810-Project-1/Hardware/cpre381-toolflow/cpre381-toolflow/proj/src/TopLevel/neg_dffg.vhd Line: 16
    Info (12023): Found entity 1: neg_dffg File: /home/choong/CPRE381/CPRE-3810-Project-1/Hardware/cpre381-toolflow/cpre381-toolflow/proj/src/TopLevel/neg_dffg.vhd Line: 4
Info (12021): Found 2 design units, including 1 entities, in source file /home/choong/CPRE381/CPRE-3810-Project-1/Hardware/cpre381-toolflow/cpre381-toolflow/proj/src/TopLevel/or_32.vhd
    Info (12022): Found design unit 1: or_32-behavioral File: /home/choong/CPRE381/CPRE-3810-Project-1/Hardware/cpre381-toolflow/cpre381-toolflow/proj/src/TopLevel/or_32.vhd Line: 12
    Info (12023): Found entity 1: or_32 File: /home/choong/CPRE381/CPRE-3810-Project-1/Hardware/cpre381-toolflow/cpre381-toolflow/proj/src/TopLevel/or_32.vhd Line: 4
Info (12021): Found 2 design units, including 1 entities, in source file /home/choong/CPRE381/CPRE-3810-Project-1/Hardware/cpre381-toolflow/cpre381-toolflow/proj/src/TopLevel/org2.vhd
    Info (12022): Found design unit 1: org2-dataflow File: /home/choong/CPRE381/CPRE-3810-Project-1/Hardware/cpre381-toolflow/cpre381-toolflow/proj/src/TopLevel/org2.vhd Line: 31
    Info (12023): Found entity 1: org2 File: /home/choong/CPRE381/CPRE-3810-Project-1/Hardware/cpre381-toolflow/cpre381-toolflow/proj/src/TopLevel/org2.vhd Line: 23
Info (12021): Found 2 design units, including 1 entities, in source file /home/choong/CPRE381/CPRE-3810-Project-1/Hardware/cpre381-toolflow/cpre381-toolflow/proj/src/TopLevel/shifter.vhd
    Info (12022): Found design unit 1: Shifter-structural File: /home/choong/CPRE381/CPRE-3810-Project-1/Hardware/cpre381-toolflow/cpre381-toolflow/proj/src/TopLevel/shifter.vhd Line: 16
    Info (12023): Found entity 1: Shifter File: /home/choong/CPRE381/CPRE-3810-Project-1/Hardware/cpre381-toolflow/cpre381-toolflow/proj/src/TopLevel/shifter.vhd Line: 5
Info (12021): Found 0 design units, including 0 entities, in source file /home/choong/CPRE381/CPRE-3810-Project-1/Hardware/cpre381-toolflow/cpre381-toolflow/proj/src/TopLevel/shmtTo32Decoder.vhd
Info (12021): Found 2 design units, including 1 entities, in source file /home/choong/CPRE381/CPRE-3810-Project-1/Hardware/cpre381-toolflow/cpre381-toolflow/proj/src/TopLevel/xor_32.vhd
    Info (12022): Found design unit 1: xor_32-behavioral File: /home/choong/CPRE381/CPRE-3810-Project-1/Hardware/cpre381-toolflow/cpre381-toolflow/proj/src/TopLevel/xor_32.vhd Line: 12
    Info (12023): Found entity 1: xor_32 File: /home/choong/CPRE381/CPRE-3810-Project-1/Hardware/cpre381-toolflow/cpre381-toolflow/proj/src/TopLevel/xor_32.vhd Line: 4
Info (12021): Found 2 design units, including 1 entities, in source file /home/choong/CPRE381/CPRE-3810-Project-1/Hardware/cpre381-toolflow/cpre381-toolflow/proj/src/TopLevel/xorg2.vhd
    Info (12022): Found design unit 1: xorg2-dataflow File: /home/choong/CPRE381/CPRE-3810-Project-1/Hardware/cpre381-toolflow/cpre381-toolflow/proj/src/TopLevel/xorg2.vhd Line: 31
    Info (12023): Found entity 1: xorg2 File: /home/choong/CPRE381/CPRE-3810-Project-1/Hardware/cpre381-toolflow/cpre381-toolflow/proj/src/TopLevel/xorg2.vhd Line: 23
Info (12127): Elaborating entity "MIPS_Processor" for the top level hierarchy
Warning (10036): Verilog HDL or VHDL warning at MIPS_Processor.vhd(54): object "s_Halt" assigned a value but never read File: /home/choong/CPRE381/CPRE-3810-Project-1/Hardware/cpre381-toolflow/cpre381-toolflow/proj/src/TopLevel/MIPS_Processor.vhd Line: 54
Warning (10036): Verilog HDL or VHDL warning at MIPS_Processor.vhd(57): object "s_Ovfl" assigned a value but never read File: /home/choong/CPRE381/CPRE-3810-Project-1/Hardware/cpre381-toolflow/cpre381-toolflow/proj/src/TopLevel/MIPS_Processor.vhd Line: 57
Warning (10036): Verilog HDL or VHDL warning at MIPS_Processor.vhd(58): object "s_overflow1" assigned a value but never read File: /home/choong/CPRE381/CPRE-3810-Project-1/Hardware/cpre381-toolflow/cpre381-toolflow/proj/src/TopLevel/MIPS_Processor.vhd Line: 58
Warning (10036): Verilog HDL or VHDL warning at MIPS_Processor.vhd(101): object "s_dummy" assigned a value but never read File: /home/choong/CPRE381/CPRE-3810-Project-1/Hardware/cpre381-toolflow/cpre381-toolflow/proj/src/TopLevel/MIPS_Processor.vhd Line: 101
Warning (10036): Verilog HDL or VHDL warning at MIPS_Processor.vhd(106): object "s_forwardA2Control" assigned a value but never read File: /home/choong/CPRE381/CPRE-3810-Project-1/Hardware/cpre381-toolflow/cpre381-toolflow/proj/src/TopLevel/MIPS_Processor.vhd Line: 106
Warning (10036): Verilog HDL or VHDL warning at MIPS_Processor.vhd(107): object "s_forwardB2Control" assigned a value but never read File: /home/choong/CPRE381/CPRE-3810-Project-1/Hardware/cpre381-toolflow/cpre381-toolflow/proj/src/TopLevel/MIPS_Processor.vhd Line: 107
Warning (10036): Verilog HDL or VHDL warning at MIPS_Processor.vhd(165): object "s_forwardmem" assigned a value but never read File: /home/choong/CPRE381/CPRE-3810-Project-1/Hardware/cpre381-toolflow/cpre381-toolflow/proj/src/TopLevel/MIPS_Processor.vhd Line: 165
Warning (10036): Verilog HDL or VHDL warning at MIPS_Processor.vhd(168): object "s_stallsw" assigned a value but never read File: /home/choong/CPRE381/CPRE-3810-Project-1/Hardware/cpre381-toolflow/cpre381-toolflow/proj/src/TopLevel/MIPS_Processor.vhd Line: 168
Info (12128): Elaborating entity "mem" for hierarchy "mem:IMem" File: /home/choong/CPRE381/CPRE-3810-Project-1/Hardware/cpre381-toolflow/cpre381-toolflow/proj/src/TopLevel/MIPS_Processor.vhd Line: 453
Info (12128): Elaborating entity "mux2t1_N" for hierarchy "mux2t1_N:pcSrcSel" File: /home/choong/CPRE381/CPRE-3810-Project-1/Hardware/cpre381-toolflow/cpre381-toolflow/proj/src/TopLevel/MIPS_Processor.vhd Line: 478
Info (12128): Elaborating entity "mux2to1" for hierarchy "mux2t1_N:pcSrcSel|mux2to1:\G_NBit_MUX:0:MUXI" File: /home/choong/CPRE381/CPRE-3810-Project-1/Hardware/cpre381-toolflow/cpre381-toolflow/proj/src/TopLevel/mux2t1_N.vhd Line: 43
Info (12128): Elaborating entity "PC_Module" for hierarchy "PC_Module:PC" File: /home/choong/CPRE381/CPRE-3810-Project-1/Hardware/cpre381-toolflow/cpre381-toolflow/proj/src/TopLevel/MIPS_Processor.vhd Line: 486
Info (12128): Elaborating entity "N_Reg" for hierarchy "PC_Module:PC|N_Reg:g_pc" File: /home/choong/CPRE381/CPRE-3810-Project-1/Hardware/cpre381-toolflow/cpre381-toolflow/proj/src/TopLevel/PC_Module.vhd Line: 48
Info (12128): Elaborating entity "dffg" for hierarchy "PC_Module:PC|N_Reg:g_pc|dffg:\NBit_DFF:0:dffi" File: /home/choong/CPRE381/CPRE-3810-Project-1/Hardware/cpre381-toolflow/cpre381-toolflow/proj/src/TopLevel/N_Reg.vhd Line: 33
Info (12128): Elaborating entity "nAdder_Sub" for hierarchy "nAdder_Sub:adder4" File: /home/choong/CPRE381/CPRE-3810-Project-1/Hardware/cpre381-toolflow/cpre381-toolflow/proj/src/TopLevel/MIPS_Processor.vhd Line: 496
Info (12128): Elaborating entity "OnesComp" for hierarchy "nAdder_Sub:adder4|OnesComp:g_not" File: /home/choong/CPRE381/CPRE-3810-Project-1/Hardware/cpre381-toolflow/cpre381-toolflow/proj/src/TopLevel/nAdder_Sub.vhd Line: 48
Info (12128): Elaborating entity "invg" for hierarchy "nAdder_Sub:adder4|OnesComp:g_not|invg:\NBit_Comp:0:CompI" File: /home/choong/CPRE381/CPRE-3810-Project-1/Hardware/cpre381-toolflow/cpre381-toolflow/proj/src/TopLevel/OnesComp.vhd Line: 24
Info (12128): Elaborating entity "Adder_N" for hierarchy "nAdder_Sub:adder4|Adder_N:g_adder" File: /home/choong/CPRE381/CPRE-3810-Project-1/Hardware/cpre381-toolflow/cpre381-toolflow/proj/src/TopLevel/nAdder_Sub.vhd Line: 62
Info (12128): Elaborating entity "Adder" for hierarchy "nAdder_Sub:adder4|Adder_N:g_adder|Adder:\NBit_Adder:0:adderI" File: /home/choong/CPRE381/CPRE-3810-Project-1/Hardware/cpre381-toolflow/cpre381-toolflow/proj/src/TopLevel/Adder_N.vhd Line: 35
Info (12128): Elaborating entity "xorg2" for hierarchy "nAdder_Sub:adder4|Adder_N:g_adder|Adder:\NBit_Adder:0:adderI|xorg2:G_xor1" File: /home/choong/CPRE381/CPRE-3810-Project-1/Hardware/cpre381-toolflow/cpre381-toolflow/proj/src/TopLevel/Adder.vhd Line: 50
Info (12128): Elaborating entity "andg2" for hierarchy "nAdder_Sub:adder4|Adder_N:g_adder|Adder:\NBit_Adder:0:adderI|andg2:g_and1" File: /home/choong/CPRE381/CPRE-3810-Project-1/Hardware/cpre381-toolflow/cpre381-toolflow/proj/src/TopLevel/Adder.vhd Line: 67
Info (12128): Elaborating entity "org2" for hierarchy "nAdder_Sub:adder4|Adder_N:g_adder|Adder:\NBit_Adder:0:adderI|org2:g_or1" File: /home/choong/CPRE381/CPRE-3810-Project-1/Hardware/cpre381-toolflow/cpre381-toolflow/proj/src/TopLevel/Adder.vhd Line: 88
Info (12128): Elaborating entity "Fetchmodule" for hierarchy "Fetchmodule:Fetch" File: /home/choong/CPRE381/CPRE-3810-Project-1/Hardware/cpre381-toolflow/cpre381-toolflow/proj/src/TopLevel/MIPS_Processor.vhd Line: 541
Warning (10036): Verilog HDL or VHDL warning at Fetchmodule.vhd(102): object "s_overflow2" assigned a value but never read File: /home/choong/CPRE381/CPRE-3810-Project-1/Hardware/cpre381-toolflow/cpre381-toolflow/proj/src/TopLevel/Fetchmodule.vhd Line: 102
Info (12128): Elaborating entity "SLL26bTo28b" for hierarchy "Fetchmodule:Fetch|SLL26bTo28b:g_SLL26bit" File: /home/choong/CPRE381/CPRE-3810-Project-1/Hardware/cpre381-toolflow/cpre381-toolflow/proj/src/TopLevel/Fetchmodule.vhd Line: 117
Info (12128): Elaborating entity "Append" for hierarchy "Fetchmodule:Fetch|Append:g_append" File: /home/choong/CPRE381/CPRE-3810-Project-1/Hardware/cpre381-toolflow/cpre381-toolflow/proj/src/TopLevel/Fetchmodule.vhd Line: 124
Info (12128): Elaborating entity "SLL2_32bit" for hierarchy "Fetchmodule:Fetch|SLL2_32bit:g_sll32" File: /home/choong/CPRE381/CPRE-3810-Project-1/Hardware/cpre381-toolflow/cpre381-toolflow/proj/src/TopLevel/Fetchmodule.vhd Line: 131
Info (12128): Elaborating entity "xor_32" for hierarchy "Fetchmodule:Fetch|xor_32:g_xor" File: /home/choong/CPRE381/CPRE-3810-Project-1/Hardware/cpre381-toolflow/cpre381-toolflow/proj/src/TopLevel/Fetchmodule.vhd Line: 206
Info (12128): Elaborating entity "ZeroFlag" for hierarchy "Fetchmodule:Fetch|ZeroFlag:g_zeroflag" File: /home/choong/CPRE381/CPRE-3810-Project-1/Hardware/cpre381-toolflow/cpre381-toolflow/proj/src/TopLevel/Fetchmodule.vhd Line: 213
Info (12128): Elaborating entity "control" for hierarchy "control:controlModule" File: /home/choong/CPRE381/CPRE-3810-Project-1/Hardware/cpre381-toolflow/cpre381-toolflow/proj/src/TopLevel/MIPS_Processor.vhd Line: 558
Info (12128): Elaborating entity "hazzardDetection" for hierarchy "hazzardDetection:HazardUnit" File: /home/choong/CPRE381/CPRE-3810-Project-1/Hardware/cpre381-toolflow/cpre381-toolflow/proj/src/TopLevel/MIPS_Processor.vhd Line: 582
Warning (10036): Verilog HDL or VHDL warning at hazardDetection.vhd(32): object "rs_idrt_match" assigned a value but never read File: /home/choong/CPRE381/CPRE-3810-Project-1/Hardware/cpre381-toolflow/cpre381-toolflow/proj/src/TopLevel/hazardDetection.vhd Line: 32
Warning (10036): Verilog HDL or VHDL warning at hazardDetection.vhd(33): object "rt_idrt_match" assigned a value but never read File: /home/choong/CPRE381/CPRE-3810-Project-1/Hardware/cpre381-toolflow/cpre381-toolflow/proj/src/TopLevel/hazardDetection.vhd Line: 33
Info (12128): Elaborating entity "Extender" for hierarchy "Extender:extenderModule" File: /home/choong/CPRE381/CPRE-3810-Project-1/Hardware/cpre381-toolflow/cpre381-toolflow/proj/src/TopLevel/MIPS_Processor.vhd Line: 638
Info (12128): Elaborating entity "mux2to1_5bit" for hierarchy "mux2to1_5bit:RegDesMUX" File: /home/choong/CPRE381/CPRE-3810-Project-1/Hardware/cpre381-toolflow/cpre381-toolflow/proj/src/TopLevel/MIPS_Processor.vhd Line: 645
Info (12128): Elaborating entity "MIP_REG" for hierarchy "MIP_REG:MainRegister" File: /home/choong/CPRE381/CPRE-3810-Project-1/Hardware/cpre381-toolflow/cpre381-toolflow/proj/src/TopLevel/MIPS_Processor.vhd Line: 661
Info (12128): Elaborating entity "N_decoder" for hierarchy "MIP_REG:MainRegister|N_decoder:g_decoder" File: /home/choong/CPRE381/CPRE-3810-Project-1/Hardware/cpre381-toolflow/cpre381-toolflow/proj/src/TopLevel/MIP_REG.vhd Line: 64
Info (12128): Elaborating entity "N_Reg" for hierarchy "MIP_REG:MainRegister|N_Reg:\g_reg:29:g_reg29:reg29" File: /home/choong/CPRE381/CPRE-3810-Project-1/Hardware/cpre381-toolflow/cpre381-toolflow/proj/src/TopLevel/MIP_REG.vhd Line: 90
Info (12128): Elaborating entity "dffg" for hierarchy "MIP_REG:MainRegister|N_Reg:\g_reg:29:g_reg29:reg29|dffg:\NBit_DFF:2:dffi" File: /home/choong/CPRE381/CPRE-3810-Project-1/Hardware/cpre381-toolflow/cpre381-toolflow/proj/src/TopLevel/N_Reg.vhd Line: 33
Info (12128): Elaborating entity "mux32t1" for hierarchy "MIP_REG:MainRegister|mux32t1:g_mux1" File: /home/choong/CPRE381/CPRE-3810-Project-1/Hardware/cpre381-toolflow/cpre381-toolflow/proj/src/TopLevel/MIP_REG.vhd Line: 117
Info (12128): Elaborating entity "mux4to1_32bit" for hierarchy "mux4to1_32bit:ForwardA_ALU" File: /home/choong/CPRE381/CPRE-3810-Project-1/Hardware/cpre381-toolflow/cpre381-toolflow/proj/src/TopLevel/MIPS_Processor.vhd Line: 781
Info (12128): Elaborating entity "ALU" for hierarchy "ALU:MainALU" File: /home/choong/CPRE381/CPRE-3810-Project-1/Hardware/cpre381-toolflow/cpre381-toolflow/proj/src/TopLevel/MIPS_Processor.vhd Line: 809
Warning (10873): Using initial value X (don't care) for net "s_mux_input[13]" at ALU.vhd(119) File: /home/choong/CPRE381/CPRE-3810-Project-1/Hardware/cpre381-toolflow/cpre381-toolflow/proj/src/TopLevel/ALU.vhd Line: 119
Warning (10873): Using initial value X (don't care) for net "s_mux_input[9]" at ALU.vhd(119) File: /home/choong/CPRE381/CPRE-3810-Project-1/Hardware/cpre381-toolflow/cpre381-toolflow/proj/src/TopLevel/ALU.vhd Line: 119
Warning (10873): Using initial value X (don't care) for net "s_mux_input[6..4]" at ALU.vhd(119) File: /home/choong/CPRE381/CPRE-3810-Project-1/Hardware/cpre381-toolflow/cpre381-toolflow/proj/src/TopLevel/ALU.vhd Line: 119
Info (12128): Elaborating entity "and_32" for hierarchy "ALU:MainALU|and_32:g_and" File: /home/choong/CPRE381/CPRE-3810-Project-1/Hardware/cpre381-toolflow/cpre381-toolflow/proj/src/TopLevel/ALU.vhd Line: 156
Info (12128): Elaborating entity "or_32" for hierarchy "ALU:MainALU|or_32:g_or" File: /home/choong/CPRE381/CPRE-3810-Project-1/Hardware/cpre381-toolflow/cpre381-toolflow/proj/src/TopLevel/ALU.vhd Line: 163
Info (12128): Elaborating entity "Shifter" for hierarchy "ALU:MainALU|Shifter:g_shifter" File: /home/choong/CPRE381/CPRE-3810-Project-1/Hardware/cpre381-toolflow/cpre381-toolflow/proj/src/TopLevel/ALU.vhd Line: 191
Info (12128): Elaborating entity "mux16t1_32bit" for hierarchy "ALU:MainALU|mux16t1_32bit:g_bigmux" File: /home/choong/CPRE381/CPRE-3810-Project-1/Hardware/cpre381-toolflow/cpre381-toolflow/proj/src/TopLevel/ALU.vhd Line: 200
Info (12128): Elaborating entity "forward_unit" for hierarchy "forward_unit:ForwarUnit" File: /home/choong/CPRE381/CPRE-3810-Project-1/Hardware/cpre381-toolflow/cpre381-toolflow/proj/src/TopLevel/MIPS_Processor.vhd Line: 874
Info (12128): Elaborating entity "lh_module" for hierarchy "lh_module:lhModule" File: /home/choong/CPRE381/CPRE-3810-Project-1/Hardware/cpre381-toolflow/cpre381-toolflow/proj/src/TopLevel/MIPS_Processor.vhd Line: 946
Info (12128): Elaborating entity "lb_module" for hierarchy "lb_module:lbModule" File: /home/choong/CPRE381/CPRE-3810-Project-1/Hardware/cpre381-toolflow/cpre381-toolflow/proj/src/TopLevel/MIPS_Processor.vhd Line: 954
Info (276014): Found 1 instances of uninferred RAM logic
    Info (276007): RAM logic "mem:IMem|ram" is uninferred due to asynchronous read logic File: /home/choong/CPRE381/CPRE-3810-Project-1/Hardware/cpre381-toolflow/cpre381-toolflow/proj/src/TopLevel/mem.vhd Line: 35
Info (19000): Inferred 1 megafunctions from design logic
    Info (276029): Inferred altsyncram megafunction from the following design logic: "mem:DMem|ram_rtl_0" 
        Info (286033): Parameter OPERATION_MODE set to SINGLE_PORT
        Info (286033): Parameter WIDTH_A set to 32
        Info (286033): Parameter WIDTHAD_A set to 10
        Info (286033): Parameter NUMWORDS_A set to 1024
        Info (286033): Parameter OUTDATA_REG_A set to UNREGISTERED
        Info (286033): Parameter ADDRESS_ACLR_A set to NONE
        Info (286033): Parameter OUTDATA_ACLR_A set to NONE
        Info (286033): Parameter READ_DURING_WRITE_MODE_PORT_A set to OLD_DATA
        Info (286033): Parameter INDATA_ACLR_A set to NONE
        Info (286033): Parameter WRCONTROL_ACLR_A set to NONE
Info (12130): Elaborated megafunction instantiation "mem:DMem|altsyncram:ram_rtl_0"
Info (12133): Instantiated megafunction "mem:DMem|altsyncram:ram_rtl_0" with the following parameter:
    Info (12134): Parameter "OPERATION_MODE" = "SINGLE_PORT"
    Info (12134): Parameter "WIDTH_A" = "32"
    Info (12134): Parameter "WIDTHAD_A" = "10"
    Info (12134): Parameter "NUMWORDS_A" = "1024"
    Info (12134): Parameter "OUTDATA_REG_A" = "UNREGISTERED"
    Info (12134): Parameter "ADDRESS_ACLR_A" = "NONE"
    Info (12134): Parameter "OUTDATA_ACLR_A" = "NONE"
    Info (12134): Parameter "READ_DURING_WRITE_MODE_PORT_A" = "OLD_DATA"
    Info (12134): Parameter "INDATA_ACLR_A" = "NONE"
    Info (12134): Parameter "WRCONTROL_ACLR_A" = "NONE"
Info (12021): Found 1 design units, including 1 entities, in source file db/altsyncram_eg81.tdf
    Info (12023): Found entity 1: altsyncram_eg81 File: /home/choong/CPRE381/CPRE-3810-Project-1/Hardware/cpre381-toolflow/cpre381-toolflow/internal/QuartusWork/db/altsyncram_eg81.tdf Line: 28
Info (13000): Registers with preset signals will power-up high File: /home/choong/CPRE381/CPRE-3810-Project-1/Hardware/cpre381-toolflow/cpre381-toolflow/proj/src/TopLevel/dffg.vhd Line: 55
Info (13003): DEV_CLRn pin will set, and not reset, register with preset signal due to NOT Gate Push-Back
Info (286030): Timing-Driven Synthesis is running
Info (16010): Generating hard_block partition "hard_block:auto_generated_inst"
    Info (16011): Adding 0 node(s), including 0 DDIO, 0 PLL, 0 transceiver and 0 LCELL
Warning (21074): Design contains 22 input pin(s) that do not drive logic
    Warning (15610): No output dependent on input pin "iInstAddr[0]" File: /home/choong/CPRE381/CPRE-3810-Project-1/Hardware/cpre381-toolflow/cpre381-toolflow/proj/src/TopLevel/MIPS_Processor.vhd Line: 28
    Warning (15610): No output dependent on input pin "iInstAddr[1]" File: /home/choong/CPRE381/CPRE-3810-Project-1/Hardware/cpre381-toolflow/cpre381-toolflow/proj/src/TopLevel/MIPS_Processor.vhd Line: 28
    Warning (15610): No output dependent on input pin "iInstAddr[12]" File: /home/choong/CPRE381/CPRE-3810-Project-1/Hardware/cpre381-toolflow/cpre381-toolflow/proj/src/TopLevel/MIPS_Processor.vhd Line: 28
    Warning (15610): No output dependent on input pin "iInstAddr[13]" File: /home/choong/CPRE381/CPRE-3810-Project-1/Hardware/cpre381-toolflow/cpre381-toolflow/proj/src/TopLevel/MIPS_Processor.vhd Line: 28
    Warning (15610): No output dependent on input pin "iInstAddr[14]" File: /home/choong/CPRE381/CPRE-3810-Project-1/Hardware/cpre381-toolflow/cpre381-toolflow/proj/src/TopLevel/MIPS_Processor.vhd Line: 28
    Warning (15610): No output dependent on input pin "iInstAddr[15]" File: /home/choong/CPRE381/CPRE-3810-Project-1/Hardware/cpre381-toolflow/cpre381-toolflow/proj/src/TopLevel/MIPS_Processor.vhd Line: 28
    Warning (15610): No output dependent on input pin "iInstAddr[16]" File: /home/choong/CPRE381/CPRE-3810-Project-1/Hardware/cpre381-toolflow/cpre381-toolflow/proj/src/TopLevel/MIPS_Processor.vhd Line: 28
    Warning (15610): No output dependent on input pin "iInstAddr[17]" File: /home/choong/CPRE381/CPRE-3810-Project-1/Hardware/cpre381-toolflow/cpre381-toolflow/proj/src/TopLevel/MIPS_Processor.vhd Line: 28
    Warning (15610): No output dependent on input pin "iInstAddr[18]" File: /home/choong/CPRE381/CPRE-3810-Project-1/Hardware/cpre381-toolflow/cpre381-toolflow/proj/src/TopLevel/MIPS_Processor.vhd Line: 28
    Warning (15610): No output dependent on input pin "iInstAddr[19]" File: /home/choong/CPRE381/CPRE-3810-Project-1/Hardware/cpre381-toolflow/cpre381-toolflow/proj/src/TopLevel/MIPS_Processor.vhd Line: 28
    Warning (15610): No output dependent on input pin "iInstAddr[20]" File: /home/choong/CPRE381/CPRE-3810-Project-1/Hardware/cpre381-toolflow/cpre381-toolflow/proj/src/TopLevel/MIPS_Processor.vhd Line: 28
    Warning (15610): No output dependent on input pin "iInstAddr[21]" File: /home/choong/CPRE381/CPRE-3810-Project-1/Hardware/cpre381-toolflow/cpre381-toolflow/proj/src/TopLevel/MIPS_Processor.vhd Line: 28
    Warning (15610): No output dependent on input pin "iInstAddr[22]" File: /home/choong/CPRE381/CPRE-3810-Project-1/Hardware/cpre381-toolflow/cpre381-toolflow/proj/src/TopLevel/MIPS_Processor.vhd Line: 28
    Warning (15610): No output dependent on input pin "iInstAddr[23]" File: /home/choong/CPRE381/CPRE-3810-Project-1/Hardware/cpre381-toolflow/cpre381-toolflow/proj/src/TopLevel/MIPS_Processor.vhd Line: 28
    Warning (15610): No output dependent on input pin "iInstAddr[24]" File: /home/choong/CPRE381/CPRE-3810-Project-1/Hardware/cpre381-toolflow/cpre381-toolflow/proj/src/TopLevel/MIPS_Processor.vhd Line: 28
    Warning (15610): No output dependent on input pin "iInstAddr[25]" File: /home/choong/CPRE381/CPRE-3810-Project-1/Hardware/cpre381-toolflow/cpre381-toolflow/proj/src/TopLevel/MIPS_Processor.vhd Line: 28
    Warning (15610): No output dependent on input pin "iInstAddr[26]" File: /home/choong/CPRE381/CPRE-3810-Project-1/Hardware/cpre381-toolflow/cpre381-toolflow/proj/src/TopLevel/MIPS_Processor.vhd Line: 28
    Warning (15610): No output dependent on input pin "iInstAddr[27]" File: /home/choong/CPRE381/CPRE-3810-Project-1/Hardware/cpre381-toolflow/cpre381-toolflow/proj/src/TopLevel/MIPS_Processor.vhd Line: 28
    Warning (15610): No output dependent on input pin "iInstAddr[28]" File: /home/choong/CPRE381/CPRE-3810-Project-1/Hardware/cpre381-toolflow/cpre381-toolflow/proj/src/TopLevel/MIPS_Processor.vhd Line: 28
    Warning (15610): No output dependent on input pin "iInstAddr[29]" File: /home/choong/CPRE381/CPRE-3810-Project-1/Hardware/cpre381-toolflow/cpre381-toolflow/proj/src/TopLevel/MIPS_Processor.vhd Line: 28
    Warning (15610): No output dependent on input pin "iInstAddr[30]" File: /home/choong/CPRE381/CPRE-3810-Project-1/Hardware/cpre381-toolflow/cpre381-toolflow/proj/src/TopLevel/MIPS_Processor.vhd Line: 28
    Warning (15610): No output dependent on input pin "iInstAddr[31]" File: /home/choong/CPRE381/CPRE-3810-Project-1/Hardware/cpre381-toolflow/cpre381-toolflow/proj/src/TopLevel/MIPS_Processor.vhd Line: 28
Info (21057): Implemented 59996 device resources after synthesis - the final resource count might be different
    Info (21058): Implemented 67 input pins
    Info (21059): Implemented 32 output pins
    Info (21061): Implemented 59865 logic cells
    Info (21064): Implemented 32 RAM segments
Info: Quartus Prime Analysis & Synthesis was successful. 0 errors, 38 warnings
    Info: Peak virtual memory: 1022 megabytes
    Info: Processing ended: Mon Apr 21 12:27:55 2025
    Info: Elapsed time: 00:00:52
    Info: Total CPU time (on all processors): 00:00:53
Info: *******************************************************************
Info: Running Quartus Prime Fitter
    Info: Version 20.1.1 Build 720 11/11/2020 SJ Standard Edition
    Info: Copyright (C) 2020  Intel Corporation. All rights reserved.
    Info: Your use of Intel Corporation's design tools, logic functions 
    Info: and other software and tools, and any partner logic 
    Info: functions, and any output files from any of the foregoing 
    Info: (including device programming or simulation files), and any 
    Info: associated documentation or information are expressly subject 
    Info: to the terms and conditions of the Intel Program License 
    Info: Subscription Agreement, the Intel Quartus Prime License Agreement,
    Info: the Intel FPGA IP License Agreement, or other applicable license
    Info: agreement, including, without limitation, that your use is for
    Info: the sole purpose of programming logic devices manufactured by
    Info: Intel and sold by Intel or its authorized distributors.  Please
    Info: refer to the applicable agreement for further details, at
    Info: https://fpgasoftware.intel.com/eula.
    Info: Processing started: Mon Apr 21 12:27:56 2025
Info: Command: quartus_fit --read_settings_files=on --write_settings_files=off toolflow -c toolflow
Info: qfit2_default_script.tcl version: #1
Info: Project  = toolflow
Info: Revision = toolflow
Warning (18236): Number of processors has not been specified which may cause overloading on shared machines.  Set the global assignment NUM_PARALLEL_PROCESSORS in your QSF to an appropriate value for best performance.
Info (20030): Parallel compilation is enabled and will use 12 of the 12 processors detected
Info (119006): Selected device EP4CE115F29C7 for design "toolflow"
Info (21076): High junction temperature operating condition is not set. Assuming a default value of '85'.
Info (21076): Low junction temperature operating condition is not set. Assuming a default value of '0'.
Info (171003): Fitter is performing an Auto Fit compilation, which may decrease Fitter effort to reduce compilation time
Info (176444): Device migration not selected. If you intend to use device migration later, you may need to change the pin assignments as they may be incompatible with other devices
    Info (176445): Device EP4CE40F29C7 is compatible
    Info (176445): Device EP4CE40F29I7 is compatible
    Info (176445): Device EP4CE30F29C7 is compatible
    Info (176445): Device EP4CE30F29I7 is compatible
    Info (176445): Device EP4CE55F29C7 is compatible
    Info (176445): Device EP4CE55F29I7 is compatible
    Info (176445): Device EP4CE75F29C7 is compatible
    Info (176445): Device EP4CE75F29I7 is compatible
    Info (176445): Device EP4CE115F29I7 is compatible
Info (169124): Fitter converted 5 user pins into dedicated programming pins
    Info (169125): Pin ~ALTERA_ASDO_DATA1~ is reserved at location F4
    Info (169125): Pin ~ALTERA_FLASH_nCE_nCSO~ is reserved at location E2
    Info (169125): Pin ~ALTERA_DCLK~ is reserved at location P3
    Info (169125): Pin ~ALTERA_DATA0~ is reserved at location N7
    Info (169125): Pin ~ALTERA_nCEO~ is reserved at location P28
Warning (15714): Some pins have incomplete I/O assignments. Refer to the I/O Assignment Warnings report for details
Info (176045): Design uses memory blocks. Violating setup or hold times of memory block address registers for either read or write operations could cause memory contents to be corrupted. Make sure that all memory block address registers meet the setup and hold time requirements.
Critical Warning (169085): No exact pin location assignment(s) for 99 pins of 99 total pins. For the list of pins please refer to the I/O Assignment Warnings table in the fitter report.
Info (332104): Reading SDC File: 'toolflow.sdc'
Info (332129): Detected timing requirements -- optimizing circuit to achieve only the specified requirements
Info (332111): Found 1 clocks
    Info (332111):   Period   Clock Name
    Info (332111): ======== ============
    Info (332111):   20.000         iCLK
Info (176353): Automatically promoted node iCLK~input (placed in PIN J1 (CLK1, DIFFCLK_0n)) File: /home/choong/CPRE381/CPRE-3810-Project-1/Hardware/cpre381-toolflow/cpre381-toolflow/proj/src/TopLevel/MIPS_Processor.vhd Line: 25
    Info (176355): Automatically promoted destinations to use location or clock signal Global Clock CLKCTRL_G2
Info (176353): Automatically promoted node iRST~input (placed in PIN Y2 (CLK2, DIFFCLK_1p)) File: /home/choong/CPRE381/CPRE-3810-Project-1/Hardware/cpre381-toolflow/cpre381-toolflow/proj/src/TopLevel/MIPS_Processor.vhd Line: 26
    Info (176355): Automatically promoted destinations to use location or clock signal Global Clock CLKCTRL_G4
    Info (176356): Following destination nodes may be non-global or may not use global or regional clocks
        Info (176357): Destination node PC_Module:PC|N_Reg:g_pc|dffg:\NBit_DFF:2:dffi|s_Q File: /home/choong/CPRE381/CPRE-3810-Project-1/Hardware/cpre381-toolflow/cpre381-toolflow/proj/src/TopLevel/dffg.vhd Line: 55
        Info (176357): Destination node PC_Module:PC|N_Reg:g_pc|dffg:\NBit_DFF:3:dffi|s_Q File: /home/choong/CPRE381/CPRE-3810-Project-1/Hardware/cpre381-toolflow/cpre381-toolflow/proj/src/TopLevel/dffg.vhd Line: 55
        Info (176357): Destination node PC_Module:PC|N_Reg:g_pc|dffg:\NBit_DFF:4:dffi|s_Q File: /home/choong/CPRE381/CPRE-3810-Project-1/Hardware/cpre381-toolflow/cpre381-toolflow/proj/src/TopLevel/dffg.vhd Line: 55
        Info (176357): Destination node PC_Module:PC|N_Reg:g_pc|dffg:\NBit_DFF:5:dffi|s_Q File: /home/choong/CPRE381/CPRE-3810-Project-1/Hardware/cpre381-toolflow/cpre381-toolflow/proj/src/TopLevel/dffg.vhd Line: 55
        Info (176357): Destination node PC_Module:PC|N_Reg:g_pc|dffg:\NBit_DFF:6:dffi|s_Q File: /home/choong/CPRE381/CPRE-3810-Project-1/Hardware/cpre381-toolflow/cpre381-toolflow/proj/src/TopLevel/dffg.vhd Line: 55
        Info (176357): Destination node PC_Module:PC|N_Reg:g_pc|dffg:\NBit_DFF:7:dffi|s_Q File: /home/choong/CPRE381/CPRE-3810-Project-1/Hardware/cpre381-toolflow/cpre381-toolflow/proj/src/TopLevel/dffg.vhd Line: 55
        Info (176357): Destination node PC_Module:PC|N_Reg:g_pc|dffg:\NBit_DFF:8:dffi|s_Q File: /home/choong/CPRE381/CPRE-3810-Project-1/Hardware/cpre381-toolflow/cpre381-toolflow/proj/src/TopLevel/dffg.vhd Line: 55
        Info (176357): Destination node PC_Module:PC|N_Reg:g_pc|dffg:\NBit_DFF:9:dffi|s_Q File: /home/choong/CPRE381/CPRE-3810-Project-1/Hardware/cpre381-toolflow/cpre381-toolflow/proj/src/TopLevel/dffg.vhd Line: 55
        Info (176357): Destination node PC_Module:PC|N_Reg:g_pc|dffg:\NBit_DFF:10:dffi|s_Q File: /home/choong/CPRE381/CPRE-3810-Project-1/Hardware/cpre381-toolflow/cpre381-toolflow/proj/src/TopLevel/dffg.vhd Line: 55
        Info (176357): Destination node PC_Module:PC|N_Reg:g_pc|dffg:\NBit_DFF:11:dffi|s_Q File: /home/choong/CPRE381/CPRE-3810-Project-1/Hardware/cpre381-toolflow/cpre381-toolflow/proj/src/TopLevel/dffg.vhd Line: 55
        Info (176358): Non-global destination nodes limited to 10 nodes
Info (176233): Starting register packing
Info (176235): Finished register packing
    Extra Info (176219): No registers were packed into other blocks
Info (176214): Statistics of I/O pins that need to be placed that use the same VCCIO and VREF, before I/O pin placement
    Info (176211): Number of I/O pins in group: 97 (unused VREF, 2.5V VCCIO, 65 input, 32 output, 0 bidirectional)
        Info (176212): I/O standards used: 2.5 V.
Info (176215): I/O bank details before I/O pin placement
    Info (176214): Statistics of I/O banks
        Info (176213): I/O bank number 1 does not use VREF pins and has undetermined VCCIO pins. 5 total pin(s) used --  51 pins available
        Info (176213): I/O bank number 2 does not use VREF pins and has undetermined VCCIO pins. 1 total pin(s) used --  62 pins available
        Info (176213): I/O bank number 3 does not use VREF pins and has undetermined VCCIO pins. 0 total pin(s) used --  73 pins available
        Info (176213): I/O bank number 4 does not use VREF pins and has undetermined VCCIO pins. 0 total pin(s) used --  71 pins available
        Info (176213): I/O bank number 5 does not use VREF pins and has undetermined VCCIO pins. 0 total pin(s) used --  65 pins available
        Info (176213): I/O bank number 6 does not use VREF pins and has undetermined VCCIO pins. 1 total pin(s) used --  57 pins available
        Info (176213): I/O bank number 7 does not use VREF pins and has undetermined VCCIO pins. 0 total pin(s) used --  72 pins available
        Info (176213): I/O bank number 8 does not use VREF pins and has undetermined VCCIO pins. 0 total pin(s) used --  71 pins available
Info (171121): Fitter preparation operations ending: elapsed time is 00:00:26
Info (14896): Fitter has disabled Advanced Physical Optimization because it is not supported for the current family.
Info (170189): Fitter placement preparation operations beginning
Info (170190): Fitter placement preparation operations ending: elapsed time is 00:00:04
Info (170191): Fitter placement operations beginning
Info (170137): Fitter placement was successful
Info (170192): Fitter placement operations ending: elapsed time is 00:00:45
Info (170193): Fitter routing operations beginning
Info (170195): Router estimated average interconnect usage is 14% of the available device resources
    Info (170196): Router estimated peak interconnect usage is 30% of the available device resources in the region that extends from location X23_Y37 to location X33_Y48
Info (170199): The Fitter performed an Auto Fit compilation.  Optimizations were skipped to reduce compilation time.
    Info (170201): Optimizations that may affect the design's routability were skipped
    Info (170200): Optimizations that may affect the design's timing were skipped
Info (170194): Fitter routing operations ending: elapsed time is 00:00:43
Info (11888): Total time spent on timing analysis during the Fitter is 15.36 seconds.
Info (334003): Started post-fitting delay annotation
Info (334004): Delay annotation completed successfully
Info (334003): Started post-fitting delay annotation
Info (334004): Delay annotation completed successfully
Info (11218): Fitter post-fit operations ending: elapsed time is 00:00:08
Info (144001): Generated suppressed messages file /home/choong/CPRE381/CPRE-3810-Project-1/Hardware/cpre381-toolflow/cpre381-toolflow/internal/QuartusWork/output_files/toolflow.fit.smsg
Info: Quartus Prime Fitter was successful. 0 errors, 3 warnings
    Info: Peak virtual memory: 2643 megabytes
    Info: Processing ended: Mon Apr 21 12:30:22 2025
    Info: Elapsed time: 00:02:26
    Info: Total CPU time (on all processors): 00:06:12
Info: *******************************************************************
Info: Running Quartus Prime Assembler
    Info: Version 20.1.1 Build 720 11/11/2020 SJ Standard Edition
    Info: Copyright (C) 2020  Intel Corporation. All rights reserved.
    Info: Your use of Intel Corporation's design tools, logic functions 
    Info: and other software and tools, and any partner logic 
    Info: functions, and any output files from any of the foregoing 
    Info: (including device programming or simulation files), and any 
    Info: associated documentation or information are expressly subject 
    Info: to the terms and conditions of the Intel Program License 
    Info: Subscription Agreement, the Intel Quartus Prime License Agreement,
    Info: the Intel FPGA IP License Agreement, or other applicable license
    Info: agreement, including, without limitation, that your use is for
    Info: the sole purpose of programming logic devices manufactured by
    Info: Intel and sold by Intel or its authorized distributors.  Please
    Info: refer to the applicable agreement for further details, at
    Info: https://fpgasoftware.intel.com/eula.
    Info: Processing started: Mon Apr 21 12:30:24 2025
Info: Command: quartus_asm --read_settings_files=on --write_settings_files=off toolflow -c toolflow
Warning (18236): Number of processors has not been specified which may cause overloading on shared machines.  Set the global assignment NUM_PARALLEL_PROCESSORS in your QSF to an appropriate value for best performance.
Info (115031): Writing out detailed assembly data for power analysis
Info (115030): Assembler is generating device programming files
Info: Quartus Prime Assembler was successful. 0 errors, 1 warning
    Info: Peak virtual memory: 755 megabytes
    Info: Processing ended: Mon Apr 21 12:30:27 2025
    Info: Elapsed time: 00:00:03
    Info: Total CPU time (on all processors): 00:00:03
