In clock cycle: 3
Register Write to Reg: 0x00 Val: 0x00000000
In clock cycle: 4
Register Write to Reg: 0x01 Val: 0x00400000
In clock cycle: 5
Register Write to Reg: 0x08 Val: 0x00400030
In clock cycle: 6
Register Write to Reg: 0x01 Val: 0x00400000
In clock cycle: 7
Register Write to Reg: 0x09 Val: 0x0040003C
In clock cycle: 8
Register Write to Reg: 0x01 Val: 0x00400000
In clock cycle: 9
Register Write to Reg: 0x0A Val: 0x00400048
In clock cycle: 10
Register Write to Reg: 0x01 Val: 0x00400000
In clock cycle: 11
Register Write to Reg: 0x0B Val: 0x00400054
In clock cycle: 12
Register Write to Reg: 0x0E Val: 0x00000002
In clock cycle: 13
Register Write to Reg: 0x10 Val: 0x00400030
In clock cycle: 18
Register Write to Reg: 0x00 Val: 0x00000000
In clock cycle: 19
Register Write to Reg: 0x10 Val: 0x0040003C
In clock cycle: 24
Register Write to Reg: 0x00 Val: 0x00000000
In clock cycle: 25
Register Write to Reg: 0x10 Val: 0x00400048
In clock cycle: 30
Register Write to Reg: 0x00 Val: 0x00000000
In clock cycle: 31
Register Write to Reg: 0x10 Val: 0x00400054
In clock cycle: 36
Register Write to Reg: 0x00 Val: 0x00000000
In clock cycle: 37
Register Write to Reg: 0x10 Val: 0x00400030
In clock cycle: 38
Register Write to Reg: 0x0D Val: 0x00000001
In clock cycle: 44
Register Write to Reg: 0x00 Val: 0x00000000
In clock cycle: 45
Register Write to Reg: 0x10 Val: 0x0040003C
In clock cycle: 50
Register Write to Reg: 0x00 Val: 0x00000000
In clock cycle: 51
Register Write to Reg: 0x10 Val: 0x00400048
In clock cycle: 56
Register Write to Reg: 0x00 Val: 0x00000000
In clock cycle: 57
Register Write to Reg: 0x10 Val: 0x00400054
In clock cycle: 62
Register Write to Reg: 0x00 Val: 0x00000000
In clock cycle: 63
Register Write to Reg: 0x10 Val: 0x00400030
In clock cycle: 64
Register Write to Reg: 0x0D Val: 0x00000002
In clock cycle: 69
Register Write to Reg: 0x00 Val: 0x00000000
Execution is stopping! Clock Cycle: 70
