[inst #1] jal 4194344
Register Write to Reg: 0x1F Val: 0x00400004
[inst #2] addiu $9,$31,0
Register Write to Reg: 0x09 Val: 0x00400004
[inst #3] nop 
[inst #4] nop 
[inst #5] nop 
[inst #6] nop 
[inst #7] jal 4194384
Register Write to Reg: 0x1F Val: 0x00400040
[inst #8] addiu $10,$31,0
Register Write to Reg: 0x0A Val: 0x00400040
[inst #9] nop 
[inst #10] nop 
[inst #11] nop 
[inst #12] nop 
[inst #13] addiu $9,$9,12
Register Write to Reg: 0x09 Val: 0x00400010
[inst #14] nop 
[inst #15] nop 
[inst #16] nop 
[inst #17] nop 
[inst #18] beq $9,$10,9
[inst #19] nop 
[inst #20] nop 
[inst #21] nop 
[inst #22] nop 
[inst #23] j 4194484
[inst #24] halt 

