In clock cycle: 3
Register Write to Reg: 0x00 Val: 0x00000000
In clock cycle: 4
Register Write to Reg: 0x09 Val: 0xFFFFFFFF
In clock cycle: 5
Register Write to Reg: 0x0A Val: 0xFFFFFFFF
In clock cycle: 6
Register Write to Reg: 0x19 Val: 0x00000001
In clock cycle: 10
Register Write to Reg: 0x19 Val: 0x00000000
In clock cycle: 11
Register Write to Reg: 0x09 Val: 0xFFFFFFFF
In clock cycle: 12
Register Write to Reg: 0x0A Val: 0x00000001
In clock cycle: 17
Register Write to Reg: 0x00 Val: 0x00000000
In clock cycle: 18
Register Write to Reg: 0x09 Val: 0x00000000
In clock cycle: 19
Register Write to Reg: 0x0A Val: 0xFFFFFFA6
In clock cycle: 24
Register Write to Reg: 0x00 Val: 0x00000000
Execution is stopping! Clock Cycle: 25
