QuestaSim-64 vcom 2024.2 Compiler 2024.05 May 20 2024
Start time: 15:35:25 on Mar 26,2025
vcom -2008 -work internal/ModelSimContainer/work proj/src/MIPS_types.vhd internal/testpy/tb.vhd proj/src/MIPS_types.vhd proj/src/TopLevel/mux32t1.vhd proj/src/TopLevel/org2.vhd proj/src/TopLevel/Extender.vhd proj/src/TopLevel/SLL26bTo28b.vhd proj/src/TopLevel/mux2to1.vhd proj/src/TopLevel/andg2.vhd proj/src/TopLevel/dffg.vhd proj/src/TopLevel/lb_module.vhd proj/src/TopLevel/Append.vhd proj/src/TopLevel/OnesComp.vhd proj/src/TopLevel/N_decoder.vhd proj/src/TopLevel/N_Reg.vhd proj/src/TopLevel/mem.vhd proj/src/TopLevel/Fetchmodule.vhd proj/src/TopLevel/mux2to1_5bit.vhd proj/src/TopLevel/MySecondMIPSDatapath.vhd proj/src/TopLevel/ALU.vhd proj/src/TopLevel/MIPS_Processor.vhd proj/src/TopLevel/and_32.vhd proj/src/TopLevel/Adder.vhd proj/src/TopLevel/mux4to1_32bit.vhd proj/src/TopLevel/shmtTo32Decoder.vhd proj/src/TopLevel/MIP_REG.vhd proj/src/TopLevel/shifter.vhd proj/src/TopLevel/my_package.vhd proj/src/TopLevel/control.vhd proj/src/TopLevel/nAdder_Sub.vhd proj/src/TopLevel/addsub_i.vhd proj/src/TopLevel/mux16t1_32bit.vhd proj/src/TopLevel/mux2t1_N.vhd proj/src/TopLevel/lh_module.vhd proj/src/TopLevel/invg.vhd proj/src/TopLevel/Adder_N.vhd proj/src/TopLevel/5BitTo32Decoder.vhd proj/src/TopLevel/control_package.vhd proj/src/TopLevel/SLL2_32bit.vhd proj/src/TopLevel/ZeroFlag.vhd proj/src/TopLevel/or_32.vhd proj/src/TopLevel/xor_32.vhd proj/src/TopLevel/xorg2.vhd 
-- Loading package STANDARD
-- Loading package TEXTIO
-- Loading package std_logic_1164
** Warning: proj/src/MIPS_types.vhd(15): (vcom-1615) Existing package 'MIPS_types' at /home/choong/CPRE381/cpre381-toolflow/cpre381-toolflow/proj/src/MIPS_types.vhd(15) will be overwritten.
-- Compiling package MIPS_types
-- Compiling package body MIPS_types
-- Loading package MIPS_types
-- Loading package std_logic_textio
-- Loading package ENV
** Warning: internal/testpy/tb.vhd(24): (vcom-1615) Existing entity 'tb' at /home/choong/CPRE381/cpre381-toolflow/cpre381-toolflow/internal/testpy/tb.vhd(24) will be overwritten.
-- Compiling entity tb
** Warning: internal/testpy/tb.vhd(31): (vcom-1615) Existing architecture 'tb(mixed)' at /home/choong/CPRE381/cpre381-toolflow/cpre381-toolflow/internal/testpy/tb.vhd(31) will be overwritten.
-- Compiling architecture mixed of tb
** Warning: proj/src/MIPS_types.vhd(15): (vcom-1615) Existing package 'MIPS_types' at line 15 will be overwritten.
-- Compiling package MIPS_types
** Warning: proj/src/MIPS_types.vhd(29): (vcom-1615) Existing package body 'MIPS_types(body)' at line 29 will be overwritten.
-- Compiling package body MIPS_types
-- Loading package MIPS_types
-- Loading package NUMERIC_STD
-- Loading package my_package
** Warning: proj/src/TopLevel/mux32t1.vhd(7): (vcom-1615) Existing entity 'mux32t1' at /home/choong/CPRE381/cpre381-toolflow/cpre381-toolflow/proj/src/TopLevel/mux32t1.vhd(7) will be overwritten.
-- Compiling entity mux32t1
** Warning: proj/src/TopLevel/mux32t1.vhd(16): (vcom-1615) Existing architecture 'mux32t1(dataflow)' at /home/choong/CPRE381/cpre381-toolflow/cpre381-toolflow/proj/src/TopLevel/mux32t1.vhd(16) will be overwritten.
-- Compiling architecture dataflow of mux32t1
** Warning: proj/src/TopLevel/org2.vhd(23): (vcom-1615) Existing entity 'org2' at /home/choong/CPRE381/cpre381-toolflow/cpre381-toolflow/proj/src/TopLevel/org2.vhd(23) will be overwritten.
-- Compiling entity org2
** Warning: proj/src/TopLevel/org2.vhd(31): (vcom-1615) Existing architecture 'org2(dataflow)' at /home/choong/CPRE381/cpre381-toolflow/cpre381-toolflow/proj/src/TopLevel/org2.vhd(31) will be overwritten.
-- Compiling architecture dataflow of org2
** Warning: proj/src/TopLevel/Extender.vhd(4): (vcom-1615) Existing entity 'Extender' at /home/choong/CPRE381/cpre381-toolflow/cpre381-toolflow/proj/src/TopLevel/Extender.vhd(4) will be overwritten.
-- Compiling entity Extender
** Warning: proj/src/TopLevel/Extender.vhd(12): (vcom-1615) Existing architecture 'Extender(dataflow)' at /home/choong/CPRE381/cpre381-toolflow/cpre381-toolflow/proj/src/TopLevel/Extender.vhd(12) will be overwritten.
-- Compiling architecture dataflow of Extender
** Warning: proj/src/TopLevel/Extender.vhd(14): (vcom-1514) Range choice direction (downto) does not determine aggregate index range direction (to).
** Warning: proj/src/TopLevel/Extender.vhd(16): (vcom-1514) Range choice direction (downto) does not determine aggregate index range direction (to).
** Warning: proj/src/TopLevel/SLL26bTo28b.vhd(4): (vcom-1615) Existing entity 'SLL26bTo28b' at /home/choong/CPRE381/cpre381-toolflow/cpre381-toolflow/proj/src/TopLevel/SLL26bTo28b.vhd(4) will be overwritten.
-- Compiling entity SLL26bTo28b
** Warning: proj/src/TopLevel/SLL26bTo28b.vhd(13): (vcom-1615) Existing architecture 'SLL26bTo28b(dataflow)' at /home/choong/CPRE381/cpre381-toolflow/cpre381-toolflow/proj/src/TopLevel/SLL26bTo28b.vhd(13) will be overwritten.
-- Compiling architecture dataflow of SLL26bTo28b
** Warning: proj/src/TopLevel/mux2to1.vhd(5): (vcom-1615) Existing entity 'mux2to1' at /home/choong/CPRE381/cpre381-toolflow/cpre381-toolflow/proj/src/TopLevel/mux2to1.vhd(5) will be overwritten.
-- Compiling entity mux2to1
** Warning: proj/src/TopLevel/mux2to1.vhd(14): (vcom-1615) Existing architecture 'mux2to1(dataflow)' at /home/choong/CPRE381/cpre381-toolflow/cpre381-toolflow/proj/src/TopLevel/mux2to1.vhd(14) will be overwritten.
-- Compiling architecture dataflow of mux2to1
** Warning: proj/src/TopLevel/andg2.vhd(23): (vcom-1615) Existing entity 'andg2' at /home/choong/CPRE381/cpre381-toolflow/cpre381-toolflow/proj/src/TopLevel/andg2.vhd(23) will be overwritten.
-- Compiling entity andg2
** Warning: proj/src/TopLevel/andg2.vhd(31): (vcom-1615) Existing architecture 'andg2(dataflow)' at /home/choong/CPRE381/cpre381-toolflow/cpre381-toolflow/proj/src/TopLevel/andg2.vhd(31) will be overwritten.
-- Compiling architecture dataflow of andg2
** Warning: proj/src/TopLevel/dffg.vhd(23): (vcom-1615) Existing entity 'dffg' at /home/choong/CPRE381/cpre381-toolflow/cpre381-toolflow/proj/src/TopLevel/dffg.vhd(23) will be overwritten.
-- Compiling entity dffg
** Warning: proj/src/TopLevel/dffg.vhd(35): (vcom-1615) Existing architecture 'dffg(mixed)' at /home/choong/CPRE381/cpre381-toolflow/cpre381-toolflow/proj/src/TopLevel/dffg.vhd(35) will be overwritten.
-- Compiling architecture mixed of dffg
** Warning: proj/src/TopLevel/lb_module.vhd(5): (vcom-1615) Existing entity 'lb_module' at /home/choong/CPRE381/cpre381-toolflow/cpre381-toolflow/proj/src/TopLevel/lb_module.vhd(5) will be overwritten.
-- Compiling entity lb_module
** Warning: proj/src/TopLevel/lb_module.vhd(14): (vcom-1615) Existing architecture 'lb_module(Behavioral)' at /home/choong/CPRE381/cpre381-toolflow/cpre381-toolflow/proj/src/TopLevel/lb_module.vhd(14) will be overwritten.
-- Compiling architecture Behavioral of lb_module
** Warning: proj/src/TopLevel/Append.vhd(4): (vcom-1615) Existing entity 'Append' at /home/choong/CPRE381/cpre381-toolflow/cpre381-toolflow/proj/src/TopLevel/Append.vhd(4) will be overwritten.
-- Compiling entity Append
** Warning: proj/src/TopLevel/Append.vhd(14): (vcom-1615) Existing architecture 'Append(dataflow)' at /home/choong/CPRE381/cpre381-toolflow/cpre381-toolflow/proj/src/TopLevel/Append.vhd(14) will be overwritten.
-- Compiling architecture dataflow of Append
** Warning: proj/src/TopLevel/OnesComp.vhd(4): (vcom-1615) Existing entity 'OnesComp' at /home/choong/CPRE381/cpre381-toolflow/cpre381-toolflow/proj/src/TopLevel/OnesComp.vhd(4) will be overwritten.
-- Compiling entity OnesComp
** Warning: proj/src/TopLevel/OnesComp.vhd(12): (vcom-1615) Existing architecture 'OnesComp(structural)' at /home/choong/CPRE381/cpre381-toolflow/cpre381-toolflow/proj/src/TopLevel/OnesComp.vhd(12) will be overwritten.
-- Compiling architecture structural of OnesComp
-- Loading package std_logic_arith
-- Loading package STD_LOGIC_UNSIGNED
** Warning: proj/src/TopLevel/N_decoder.vhd(5): (vcom-1615) Existing entity 'N_decoder' at /home/choong/CPRE381/cpre381-toolflow/cpre381-toolflow/proj/src/TopLevel/N_decoder.vhd(5) will be overwritten.
-- Compiling entity N_decoder
** Warning: proj/src/TopLevel/N_decoder.vhd(13): (vcom-1615) Existing architecture 'N_decoder(dataflow)' at /home/choong/CPRE381/cpre381-toolflow/cpre381-toolflow/proj/src/TopLevel/N_decoder.vhd(13) will be overwritten.
-- Compiling architecture dataflow of N_decoder
** Warning: proj/src/TopLevel/N_Reg.vhd(4): (vcom-1615) Existing entity 'N_Reg' at /home/choong/CPRE381/cpre381-toolflow/cpre381-toolflow/proj/src/TopLevel/N_Reg.vhd(4) will be overwritten.
-- Compiling entity N_Reg
** Warning: proj/src/TopLevel/N_Reg.vhd(17): (vcom-1615) Existing architecture 'N_Reg(structural)' at /home/choong/CPRE381/cpre381-toolflow/cpre381-toolflow/proj/src/TopLevel/N_Reg.vhd(17) will be overwritten.
-- Compiling architecture structural of N_Reg
** Warning: proj/src/TopLevel/mem.vhd(8): (vcom-1615) Existing entity 'mem' at /home/choong/CPRE381/cpre381-toolflow/cpre381-toolflow/proj/src/TopLevel/mem.vhd(8) will be overwritten.
-- Compiling entity mem
** Warning: proj/src/TopLevel/mem.vhd(27): (vcom-1615) Existing architecture 'mem(rtl)' at /home/choong/CPRE381/cpre381-toolflow/cpre381-toolflow/proj/src/TopLevel/mem.vhd(27) will be overwritten.
-- Compiling architecture rtl of mem
** Warning: proj/src/TopLevel/Fetchmodule.vhd(5): (vcom-1615) Existing entity 'Fetchmodule' at /home/choong/CPRE381/cpre381-toolflow/cpre381-toolflow/proj/src/TopLevel/Fetchmodule.vhd(5) will be overwritten.
-- Compiling entity Fetchmodule
** Warning: proj/src/TopLevel/Fetchmodule.vhd(22): (vcom-1615) Existing architecture 'Fetchmodule(structural)' at /home/choong/CPRE381/cpre381-toolflow/cpre381-toolflow/proj/src/TopLevel/Fetchmodule.vhd(22) will be overwritten.
-- Compiling architecture structural of Fetchmodule
** Warning: proj/src/TopLevel/mux2to1_5bit.vhd(4): (vcom-1615) Existing entity 'mux2to1_5bit' at /home/choong/CPRE381/cpre381-toolflow/cpre381-toolflow/proj/src/TopLevel/mux2to1_5bit.vhd(4) will be overwritten.
-- Compiling entity mux2to1_5bit
** Warning: proj/src/TopLevel/mux2to1_5bit.vhd(13): (vcom-1615) Existing architecture 'mux2to1_5bit(structural)' at /home/choong/CPRE381/cpre381-toolflow/cpre381-toolflow/proj/src/TopLevel/mux2to1_5bit.vhd(13) will be overwritten.
-- Compiling architecture structural of mux2to1_5bit
** Warning: proj/src/TopLevel/MySecondMIPSDatapath.vhd(6): (vcom-1615) Existing entity 'MySecondMIPSDatapath' at /home/choong/CPRE381/cpre381-toolflow/cpre381-toolflow/proj/src/TopLevel/MySecondMIPSDatapath.vhd(6) will be overwritten.
-- Compiling entity MySecondMIPSDatapath
** Warning: proj/src/TopLevel/MySecondMIPSDatapath.vhd(26): (vcom-1615) Existing architecture 'MySecondMIPSDatapath(structural)' at /home/choong/CPRE381/cpre381-toolflow/cpre381-toolflow/proj/src/TopLevel/MySecondMIPSDatapath.vhd(26) will be overwritten.
-- Compiling architecture structural of MySecondMIPSDatapath
-- Loading package control_package
** Warning: proj/src/TopLevel/ALU.vhd(6): (vcom-1615) Existing entity 'ALU' at /home/choong/CPRE381/cpre381-toolflow/cpre381-toolflow/proj/src/TopLevel/ALU.vhd(6) will be overwritten.
-- Compiling entity ALU
** Warning: proj/src/TopLevel/ALU.vhd(20): (vcom-1615) Existing architecture 'ALU(structural)' at /home/choong/CPRE381/cpre381-toolflow/cpre381-toolflow/proj/src/TopLevel/ALU.vhd(20) will be overwritten.
-- Compiling architecture structural of ALU
-- Loading package MIPS_types
** Warning: proj/src/TopLevel/MIPS_Processor.vhd(23): (vcom-1615) Existing entity 'MIPS_Processor' at /home/choong/CPRE381/cpre381-toolflow/cpre381-toolflow/proj/src/TopLevel/MIPS_Processor.vhd(23) will be overwritten.
-- Compiling entity MIPS_Processor
** Warning: proj/src/TopLevel/MIPS_Processor.vhd(35): (vcom-1615) Existing architecture 'MIPS_Processor(structure)' at /home/choong/CPRE381/cpre381-toolflow/cpre381-toolflow/proj/src/TopLevel/MIPS_Processor.vhd(35) will be overwritten.
-- Compiling architecture structure of MIPS_Processor
** Warning: proj/src/TopLevel/and_32.vhd(4): (vcom-1615) Existing entity 'and_32' at /home/choong/CPRE381/cpre381-toolflow/cpre381-toolflow/proj/src/TopLevel/and_32.vhd(4) will be overwritten.
-- Compiling entity and_32
** Warning: proj/src/TopLevel/and_32.vhd(12): (vcom-1615) Existing architecture 'and_32(behavioral)' at /home/choong/CPRE381/cpre381-toolflow/cpre381-toolflow/proj/src/TopLevel/and_32.vhd(12) will be overwritten.
-- Compiling architecture behavioral of and_32
** Warning: proj/src/TopLevel/Adder.vhd(5): (vcom-1615) Existing entity 'Adder' at /home/choong/CPRE381/cpre381-toolflow/cpre381-toolflow/proj/src/TopLevel/Adder.vhd(5) will be overwritten.
-- Compiling entity Adder
** Warning: proj/src/TopLevel/Adder.vhd(13): (vcom-1615) Existing architecture 'Adder(structure)' at /home/choong/CPRE381/cpre381-toolflow/cpre381-toolflow/proj/src/TopLevel/Adder.vhd(13) will be overwritten.
-- Compiling architecture structure of Adder
** Warning: proj/src/TopLevel/mux4to1_32bit.vhd(4): (vcom-1615) Existing entity 'mux4to1_32bit' at /home/choong/CPRE381/cpre381-toolflow/cpre381-toolflow/proj/src/TopLevel/mux4to1_32bit.vhd(4) will be overwritten.
-- Compiling entity mux4to1_32bit
** Warning: proj/src/TopLevel/mux4to1_32bit.vhd(15): (vcom-1615) Existing architecture 'mux4to1_32bit(Behavioral)' at /home/choong/CPRE381/cpre381-toolflow/cpre381-toolflow/proj/src/TopLevel/mux4to1_32bit.vhd(15) will be overwritten.
-- Compiling architecture Behavioral of mux4to1_32bit
** Warning: proj/src/TopLevel/MIP_REG.vhd(6): (vcom-1615) Existing entity 'MIP_REG' at /home/choong/CPRE381/cpre381-toolflow/cpre381-toolflow/proj/src/TopLevel/MIP_REG.vhd(6) will be overwritten.
-- Compiling entity MIP_REG
** Warning: proj/src/TopLevel/MIP_REG.vhd(20): (vcom-1615) Existing architecture 'MIP_REG(structural)' at /home/choong/CPRE381/cpre381-toolflow/cpre381-toolflow/proj/src/TopLevel/MIP_REG.vhd(20) will be overwritten.
-- Compiling architecture structural of MIP_REG
** Warning: proj/src/TopLevel/shifter.vhd(5): (vcom-1615) Existing entity 'Shifter' at /home/choong/CPRE381/cpre381-toolflow/cpre381-toolflow/proj/src/TopLevel/shifter.vhd(5) will be overwritten.
-- Compiling entity Shifter
** Warning: proj/src/TopLevel/shifter.vhd(16): (vcom-1615) Existing architecture 'Shifter(structural)' at /home/choong/CPRE381/cpre381-toolflow/cpre381-toolflow/proj/src/TopLevel/shifter.vhd(16) will be overwritten.
-- Compiling architecture structural of Shifter
** Warning: ../../../../cpre381-toolflow/cpre381-toolflow/proj/src/TopLevel/my_package.vhd(4): (vcom-1615) Existing package 'my_package' at /home/choong/CPRE381/cpre381-toolflow/cpre381-toolflow/proj/src/TopLevel/my_package.vhd(4) will be overwritten.
-- Compiling package my_package
** Warning: proj/src/TopLevel/control.vhd(5): (vcom-1615) Existing entity 'control' at /home/choong/CPRE381/cpre381-toolflow/cpre381-toolflow/proj/src/TopLevel/control.vhd(5) will be overwritten.
-- Compiling entity control
** Warning: proj/src/TopLevel/control.vhd(29): (vcom-1615) Existing architecture 'control(dataflow)' at /home/choong/CPRE381/cpre381-toolflow/cpre381-toolflow/proj/src/TopLevel/control.vhd(29) will be overwritten.
-- Compiling architecture dataflow of control
** Warning: proj/src/TopLevel/nAdder_Sub.vhd(6): (vcom-1615) Existing entity 'nAdder_Sub' at /home/choong/CPRE381/cpre381-toolflow/cpre381-toolflow/proj/src/TopLevel/nAdder_Sub.vhd(6) will be overwritten.
-- Compiling entity nAdder_Sub
** Warning: proj/src/TopLevel/nAdder_Sub.vhd(16): (vcom-1615) Existing architecture 'nAdder_Sub(structural)' at /home/choong/CPRE381/cpre381-toolflow/cpre381-toolflow/proj/src/TopLevel/nAdder_Sub.vhd(16) will be overwritten.
-- Compiling architecture structural of nAdder_Sub
** Warning: proj/src/TopLevel/addsub_i.vhd(5): (vcom-1615) Existing entity 'addsub_i' at /home/choong/CPRE381/cpre381-toolflow/cpre381-toolflow/proj/src/TopLevel/addsub_i.vhd(5) will be overwritten.
-- Compiling entity addsub_i
** Warning: proj/src/TopLevel/addsub_i.vhd(16): (vcom-1615) Existing architecture 'addsub_i(structural)' at /home/choong/CPRE381/cpre381-toolflow/cpre381-toolflow/proj/src/TopLevel/addsub_i.vhd(16) will be overwritten.
-- Compiling architecture structural of addsub_i
** Warning: proj/src/TopLevel/mux16t1_32bit.vhd(7): (vcom-1615) Existing entity 'mux16t1_32bit' at /home/choong/CPRE381/cpre381-toolflow/cpre381-toolflow/proj/src/TopLevel/mux16t1_32bit.vhd(7) will be overwritten.
-- Compiling entity mux16t1_32bit
** Warning: proj/src/TopLevel/mux16t1_32bit.vhd(16): (vcom-1615) Existing architecture 'mux16t1_32bit(dataflow)' at /home/choong/CPRE381/cpre381-toolflow/cpre381-toolflow/proj/src/TopLevel/mux16t1_32bit.vhd(16) will be overwritten.
-- Compiling architecture dataflow of mux16t1_32bit
** Warning: proj/src/TopLevel/mux2t1_N.vhd(21): (vcom-1615) Existing entity 'mux2t1_N' at /home/choong/CPRE381/cpre381-toolflow/cpre381-toolflow/proj/src/TopLevel/mux2t1_N.vhd(21) will be overwritten.
-- Compiling entity mux2t1_N
** Warning: proj/src/TopLevel/mux2t1_N.vhd(30): (vcom-1615) Existing architecture 'mux2t1_N(structural)' at /home/choong/CPRE381/cpre381-toolflow/cpre381-toolflow/proj/src/TopLevel/mux2t1_N.vhd(30) will be overwritten.
-- Compiling architecture structural of mux2t1_N
** Warning: proj/src/TopLevel/lh_module.vhd(5): (vcom-1615) Existing entity 'lh_module' at /home/choong/CPRE381/cpre381-toolflow/cpre381-toolflow/proj/src/TopLevel/lh_module.vhd(5) will be overwritten.
-- Compiling entity lh_module
** Warning: proj/src/TopLevel/lh_module.vhd(14): (vcom-1615) Existing architecture 'lh_module(Behavioral)' at /home/choong/CPRE381/cpre381-toolflow/cpre381-toolflow/proj/src/TopLevel/lh_module.vhd(14) will be overwritten.
-- Compiling architecture Behavioral of lh_module
** Warning: proj/src/TopLevel/invg.vhd(23): (vcom-1615) Existing entity 'invg' at /home/choong/CPRE381/cpre381-toolflow/cpre381-toolflow/proj/src/TopLevel/invg.vhd(23) will be overwritten.
-- Compiling entity invg
** Warning: proj/src/TopLevel/invg.vhd(30): (vcom-1615) Existing architecture 'invg(dataflow)' at /home/choong/CPRE381/cpre381-toolflow/cpre381-toolflow/proj/src/TopLevel/invg.vhd(30) will be overwritten.
-- Compiling architecture dataflow of invg
** Warning: proj/src/TopLevel/Adder_N.vhd(4): (vcom-1615) Existing entity 'Adder_N' at /home/choong/CPRE381/cpre381-toolflow/cpre381-toolflow/proj/src/TopLevel/Adder_N.vhd(4) will be overwritten.
-- Compiling entity Adder_N
** Warning: proj/src/TopLevel/Adder_N.vhd(15): (vcom-1615) Existing architecture 'Adder_N(structural)' at /home/choong/CPRE381/cpre381-toolflow/cpre381-toolflow/proj/src/TopLevel/Adder_N.vhd(15) will be overwritten.
-- Compiling architecture structural of Adder_N
** Warning: proj/src/TopLevel/5BitTo32Decoder.vhd(5): (vcom-1615) Existing entity 'shmtTo32Decoder' at /home/choong/CPRE381/cpre381-toolflow/cpre381-toolflow/proj/src/TopLevel/5BitTo32Decoder.vhd(5) will be overwritten.
-- Compiling entity shmtTo32Decoder
** Warning: proj/src/TopLevel/5BitTo32Decoder.vhd(13): (vcom-1615) Existing architecture 'shmtTo32Decoder(dataflow)' at /home/choong/CPRE381/cpre381-toolflow/cpre381-toolflow/proj/src/TopLevel/5BitTo32Decoder.vhd(13) will be overwritten.
-- Compiling architecture dataflow of shmtTo32Decoder
** Warning: ../../../../cpre381-toolflow/cpre381-toolflow/proj/src/TopLevel/control_package.vhd(4): (vcom-1615) Existing package 'control_package' at /home/choong/CPRE381/cpre381-toolflow/cpre381-toolflow/proj/src/TopLevel/control_package.vhd(4) will be overwritten.
-- Compiling package control_package
** Warning: proj/src/TopLevel/SLL2_32bit.vhd(4): (vcom-1615) Existing entity 'SLL2_32bit' at /home/choong/CPRE381/cpre381-toolflow/cpre381-toolflow/proj/src/TopLevel/SLL2_32bit.vhd(4) will be overwritten.
-- Compiling entity SLL2_32bit
** Warning: proj/src/TopLevel/SLL2_32bit.vhd(13): (vcom-1615) Existing architecture 'SLL2_32bit(dataflow)' at /home/choong/CPRE381/cpre381-toolflow/cpre381-toolflow/proj/src/TopLevel/SLL2_32bit.vhd(13) will be overwritten.
-- Compiling architecture dataflow of SLL2_32bit
** Warning: proj/src/TopLevel/ZeroFlag.vhd(6): (vcom-1615) Existing entity 'ZeroFlag' at /home/choong/CPRE381/cpre381-toolflow/cpre381-toolflow/proj/src/TopLevel/ZeroFlag.vhd(6) will be overwritten.
-- Compiling entity ZeroFlag
** Warning: proj/src/TopLevel/ZeroFlag.vhd(11): (vcom-1615) Existing architecture 'ZeroFlag(Dataflow)' at /home/choong/CPRE381/cpre381-toolflow/cpre381-toolflow/proj/src/TopLevel/ZeroFlag.vhd(11) will be overwritten.
-- Compiling architecture Dataflow of ZeroFlag
** Warning: proj/src/TopLevel/or_32.vhd(4): (vcom-1615) Existing entity 'or_32' at /home/choong/CPRE381/cpre381-toolflow/cpre381-toolflow/proj/src/TopLevel/or_32.vhd(4) will be overwritten.
-- Compiling entity or_32
** Warning: proj/src/TopLevel/or_32.vhd(12): (vcom-1615) Existing architecture 'or_32(behavioral)' at /home/choong/CPRE381/cpre381-toolflow/cpre381-toolflow/proj/src/TopLevel/or_32.vhd(12) will be overwritten.
-- Compiling architecture behavioral of or_32
** Warning: proj/src/TopLevel/xor_32.vhd(4): (vcom-1615) Existing entity 'xor_32' at /home/choong/CPRE381/cpre381-toolflow/cpre381-toolflow/proj/src/TopLevel/xor_32.vhd(4) will be overwritten.
-- Compiling entity xor_32
** Warning: proj/src/TopLevel/xor_32.vhd(12): (vcom-1615) Existing architecture 'xor_32(behavioral)' at /home/choong/CPRE381/cpre381-toolflow/cpre381-toolflow/proj/src/TopLevel/xor_32.vhd(12) will be overwritten.
-- Compiling architecture behavioral of xor_32
** Warning: proj/src/TopLevel/xorg2.vhd(23): (vcom-1615) Existing entity 'xorg2' at /home/choong/CPRE381/cpre381-toolflow/cpre381-toolflow/proj/src/TopLevel/xorg2.vhd(23) will be overwritten.
-- Compiling entity xorg2
** Warning: proj/src/TopLevel/xorg2.vhd(31): (vcom-1615) Existing architecture 'xorg2(dataflow)' at /home/choong/CPRE381/cpre381-toolflow/cpre381-toolflow/proj/src/TopLevel/xorg2.vhd(31) will be overwritten.
-- Compiling architecture dataflow of xorg2
End time: 15:35:26 on Mar 26,2025, Elapsed time: 0:00:01
Errors: 0, Warnings: 83
