In clock cycle: 3
Register Write to Reg: 0x00 Val: 0x00000000
In clock cycle: 4
Register Write to Reg: 0x01 Val: 0x10010000
In clock cycle: 5
Register Write to Reg: 0x08 Val: 0x00000005
In clock cycle: 7
Register Write to Reg: 0x01 Val: 0x10010000
In clock cycle: 8
Register Write to Reg: 0x09 Val: 0x10010000
In clock cycle: 9
Register Write to Reg: 0x02 Val: 0x00000004
In clock cycle: 10
Register Write to Reg: 0x01 Val: 0x10010000
In clock cycle: 11
Register Write to Reg: 0x04 Val: 0x1001001C
In clock cycle: 12
Register Write to Reg: 0x00 Val: 0x00000000
In clock cycle: 13
Register Write to Reg: 0x1F Val: 0x00400024
In clock cycle: 14
Register Write to Reg: 0x00 Val: 0x00000000
In clock cycle: 15
Register Write to Reg: 0x01 Val: 0x10010000
In clock cycle: 16
Register Write to Reg: 0x08 Val: 0x00000005
In clock cycle: 18
Register Write to Reg: 0x01 Val: 0x10010000
In clock cycle: 19
Register Write to Reg: 0x09 Val: 0x10010000
In clock cycle: 20
Register Write to Reg: 0x0A Val: 0x00000000
In clock cycle: 25
Register Write to Reg: 0x0B Val: 0x00000000
In clock cycle: 26
Register Write to Reg: 0x0C Val: 0x10010000
In clock cycle: 27
Register Write to Reg: 0x04 Val: 0x00000007
In clock cycle: 28
Register Write to Reg: 0x02 Val: 0x00000001
In clock cycle: 29
Register Write to Reg: 0x02 Val: 0x00000004
In clock cycle: 30
Register Write to Reg: 0x01 Val: 0x10010000
In clock cycle: 31
Register Write to Reg: 0x04 Val: 0x1001001A
In clock cycle: 32
Register Write to Reg: 0x0A Val: 0x00000001
In clock cycle: 34
Register Write to Reg: 0x00 Val: 0x00000000
In clock cycle: 37
Register Write to Reg: 0x0B Val: 0x00000004
In clock cycle: 38
Register Write to Reg: 0x0C Val: 0x10010004
In clock cycle: 39
Register Write to Reg: 0x04 Val: 0x00000003
In clock cycle: 40
Register Write to Reg: 0x02 Val: 0x00000001
In clock cycle: 41
Register Write to Reg: 0x02 Val: 0x00000004
In clock cycle: 42
Register Write to Reg: 0x01 Val: 0x10010000
In clock cycle: 43
Register Write to Reg: 0x04 Val: 0x1001001A
In clock cycle: 44
Register Write to Reg: 0x0A Val: 0x00000002
In clock cycle: 46
Register Write to Reg: 0x00 Val: 0x00000000
In clock cycle: 49
Register Write to Reg: 0x0B Val: 0x00000008
In clock cycle: 50
Register Write to Reg: 0x0C Val: 0x10010008
In clock cycle: 51
Register Write to Reg: 0x04 Val: 0x00000009
In clock cycle: 52
Register Write to Reg: 0x02 Val: 0x00000001
In clock cycle: 53
Register Write to Reg: 0x02 Val: 0x00000004
In clock cycle: 54
Register Write to Reg: 0x01 Val: 0x10010000
In clock cycle: 55
Register Write to Reg: 0x04 Val: 0x1001001A
In clock cycle: 56
Register Write to Reg: 0x0A Val: 0x00000003
In clock cycle: 58
Register Write to Reg: 0x00 Val: 0x00000000
In clock cycle: 61
Register Write to Reg: 0x0B Val: 0x0000000C
In clock cycle: 62
Register Write to Reg: 0x0C Val: 0x1001000C
In clock cycle: 63
Register Write to Reg: 0x04 Val: 0x00000001
In clock cycle: 64
Register Write to Reg: 0x02 Val: 0x00000001
In clock cycle: 65
Register Write to Reg: 0x02 Val: 0x00000004
In clock cycle: 66
Register Write to Reg: 0x01 Val: 0x10010000
In clock cycle: 67
Register Write to Reg: 0x04 Val: 0x1001001A
In clock cycle: 68
Register Write to Reg: 0x0A Val: 0x00000004
In clock cycle: 70
Register Write to Reg: 0x00 Val: 0x00000000
In clock cycle: 73
Register Write to Reg: 0x0B Val: 0x00000010
In clock cycle: 74
Register Write to Reg: 0x0C Val: 0x10010010
In clock cycle: 75
Register Write to Reg: 0x04 Val: 0x00000005
In clock cycle: 76
Register Write to Reg: 0x02 Val: 0x00000001
In clock cycle: 77
Register Write to Reg: 0x02 Val: 0x00000004
In clock cycle: 78
Register Write to Reg: 0x01 Val: 0x10010000
In clock cycle: 79
Register Write to Reg: 0x04 Val: 0x1001001A
In clock cycle: 80
Register Write to Reg: 0x0A Val: 0x00000005
In clock cycle: 82
Register Write to Reg: 0x00 Val: 0x00000000
In clock cycle: 85
Register Write to Reg: 0x00 Val: 0x00000000
In clock cycle: 86
Register Write to Reg: 0x02 Val: 0x00000004
In clock cycle: 87
Register Write to Reg: 0x01 Val: 0x10010000
In clock cycle: 88
Register Write to Reg: 0x04 Val: 0x10010018
In clock cycle: 89
Register Write to Reg: 0x00 Val: 0x00000000
In clock cycle: 91
Register Write to Reg: 0x00 Val: 0x00000000
In clock cycle: 92
Register Write to Reg: 0x1F Val: 0x00400028
In clock cycle: 93
Register Write to Reg: 0x00 Val: 0x00000000
In clock cycle: 94
Register Write to Reg: 0x01 Val: 0x10010000
In clock cycle: 95
Register Write to Reg: 0x08 Val: 0x00000005
In clock cycle: 97
Register Write to Reg: 0x01 Val: 0x10010000
In clock cycle: 98
Register Write to Reg: 0x09 Val: 0x10010000
In clock cycle: 99
Register Write to Reg: 0x08 Val: 0x00000004
In clock cycle: 100
Register Write to Reg: 0x0A Val: 0x00000000
In clock cycle: 104
Register Write to Reg: 0x0B Val: 0x00000000
In clock cycle: 105
Register Write to Reg: 0x0C Val: 0x10010000
In clock cycle: 106
Register Write to Reg: 0x0D Val: 0x00000007
In clock cycle: 109
Register Write to Reg: 0x0E Val: 0x00000003
In clock cycle: 111
Register Write to Reg: 0x0F Val: 0x00000001
In clock cycle: 115
Memory Write to Addr: 0x10010000 Val: 0x00000003
In clock cycle: 116
Memory Write to Addr: 0x10010004 Val: 0x00000007
In clock cycle: 118
Register Write to Reg: 0x0A Val: 0x00000001
In clock cycle: 123
Register Write to Reg: 0x00 Val: 0x00000000
In clock cycle: 124
Register Write to Reg: 0x0B Val: 0x00000004
In clock cycle: 125
Register Write to Reg: 0x0C Val: 0x10010004
In clock cycle: 126
Register Write to Reg: 0x0D Val: 0x00000007
In clock cycle: 129
Register Write to Reg: 0x0E Val: 0x00000009
In clock cycle: 131
Register Write to Reg: 0x0F Val: 0x00000000
In clock cycle: 136
Register Write to Reg: 0x00 Val: 0x00000000
In clock cycle: 137
Register Write to Reg: 0x0A Val: 0x00000002
In clock cycle: 142
Register Write to Reg: 0x00 Val: 0x00000000
In clock cycle: 143
Register Write to Reg: 0x0B Val: 0x00000008
In clock cycle: 144
Register Write to Reg: 0x0C Val: 0x10010008
In clock cycle: 145
Register Write to Reg: 0x0D Val: 0x00000009
In clock cycle: 148
Register Write to Reg: 0x0E Val: 0x00000001
In clock cycle: 150
Register Write to Reg: 0x0F Val: 0x00000001
In clock cycle: 154
Memory Write to Addr: 0x10010008 Val: 0x00000001
In clock cycle: 155
Memory Write to Addr: 0x1001000C Val: 0x00000009
In clock cycle: 157
Register Write to Reg: 0x0A Val: 0x00000003
In clock cycle: 162
Register Write to Reg: 0x00 Val: 0x00000000
In clock cycle: 163
Register Write to Reg: 0x0B Val: 0x0000000C
In clock cycle: 164
Register Write to Reg: 0x0C Val: 0x1001000C
In clock cycle: 165
Register Write to Reg: 0x0D Val: 0x00000009
In clock cycle: 168
Register Write to Reg: 0x0E Val: 0x00000005
In clock cycle: 170
Register Write to Reg: 0x0F Val: 0x00000001
In clock cycle: 174
Memory Write to Addr: 0x1001000C Val: 0x00000005
In clock cycle: 175
Memory Write to Addr: 0x10010010 Val: 0x00000009
In clock cycle: 177
Register Write to Reg: 0x0A Val: 0x00000004
In clock cycle: 182
Register Write to Reg: 0x08 Val: 0x00000003
In clock cycle: 184
Register Write to Reg: 0x00 Val: 0x00000000
In clock cycle: 185
Register Write to Reg: 0x0A Val: 0x00000000
In clock cycle: 189
Register Write to Reg: 0x0B Val: 0x00000000
In clock cycle: 190
Register Write to Reg: 0x0C Val: 0x10010000
In clock cycle: 191
Register Write to Reg: 0x0D Val: 0x00000003
In clock cycle: 194
Register Write to Reg: 0x0E Val: 0x00000007
In clock cycle: 196
Register Write to Reg: 0x0F Val: 0x00000000
In clock cycle: 201
Register Write to Reg: 0x00 Val: 0x00000000
In clock cycle: 202
Register Write to Reg: 0x0A Val: 0x00000001
In clock cycle: 207
Register Write to Reg: 0x00 Val: 0x00000000
In clock cycle: 208
Register Write to Reg: 0x0B Val: 0x00000004
In clock cycle: 209
Register Write to Reg: 0x0C Val: 0x10010004
In clock cycle: 210
Register Write to Reg: 0x0D Val: 0x00000007
In clock cycle: 213
Register Write to Reg: 0x0E Val: 0x00000001
In clock cycle: 215
Register Write to Reg: 0x0F Val: 0x00000001
In clock cycle: 219
Memory Write to Addr: 0x10010004 Val: 0x00000001
In clock cycle: 220
Memory Write to Addr: 0x10010008 Val: 0x00000007
In clock cycle: 222
Register Write to Reg: 0x0A Val: 0x00000002
In clock cycle: 227
Register Write to Reg: 0x00 Val: 0x00000000
In clock cycle: 228
Register Write to Reg: 0x0B Val: 0x00000008
In clock cycle: 229
Register Write to Reg: 0x0C Val: 0x10010008
In clock cycle: 230
Register Write to Reg: 0x0D Val: 0x00000007
In clock cycle: 233
Register Write to Reg: 0x0E Val: 0x00000005
In clock cycle: 235
Register Write to Reg: 0x0F Val: 0x00000001
In clock cycle: 239
Memory Write to Addr: 0x10010008 Val: 0x00000005
In clock cycle: 240
Memory Write to Addr: 0x1001000C Val: 0x00000007
In clock cycle: 242
Register Write to Reg: 0x0A Val: 0x00000003
In clock cycle: 247
Register Write to Reg: 0x08 Val: 0x00000002
In clock cycle: 249
Register Write to Reg: 0x00 Val: 0x00000000
In clock cycle: 250
Register Write to Reg: 0x0A Val: 0x00000000
In clock cycle: 254
Register Write to Reg: 0x0B Val: 0x00000000
In clock cycle: 255
Register Write to Reg: 0x0C Val: 0x10010000
In clock cycle: 256
Register Write to Reg: 0x0D Val: 0x00000003
In clock cycle: 259
Register Write to Reg: 0x0E Val: 0x00000001
In clock cycle: 261
Register Write to Reg: 0x0F Val: 0x00000001
In clock cycle: 265
Memory Write to Addr: 0x10010000 Val: 0x00000001
In clock cycle: 266
Memory Write to Addr: 0x10010004 Val: 0x00000003
In clock cycle: 268
Register Write to Reg: 0x0A Val: 0x00000001
In clock cycle: 273
Register Write to Reg: 0x00 Val: 0x00000000
In clock cycle: 274
Register Write to Reg: 0x0B Val: 0x00000004
In clock cycle: 275
Register Write to Reg: 0x0C Val: 0x10010004
In clock cycle: 276
Register Write to Reg: 0x0D Val: 0x00000003
In clock cycle: 279
Register Write to Reg: 0x0E Val: 0x00000005
In clock cycle: 281
Register Write to Reg: 0x0F Val: 0x00000000
In clock cycle: 286
Register Write to Reg: 0x00 Val: 0x00000000
In clock cycle: 287
Register Write to Reg: 0x0A Val: 0x00000002
In clock cycle: 292
Register Write to Reg: 0x08 Val: 0x00000001
In clock cycle: 294
Register Write to Reg: 0x00 Val: 0x00000000
In clock cycle: 295
Register Write to Reg: 0x0A Val: 0x00000000
In clock cycle: 299
Register Write to Reg: 0x0B Val: 0x00000000
In clock cycle: 300
Register Write to Reg: 0x0C Val: 0x10010000
In clock cycle: 301
Register Write to Reg: 0x0D Val: 0x00000001
In clock cycle: 304
Register Write to Reg: 0x0E Val: 0x00000003
In clock cycle: 306
Register Write to Reg: 0x0F Val: 0x00000000
In clock cycle: 311
Register Write to Reg: 0x00 Val: 0x00000000
In clock cycle: 312
Register Write to Reg: 0x0A Val: 0x00000001
In clock cycle: 317
Register Write to Reg: 0x08 Val: 0x00000000
In clock cycle: 319
Register Write to Reg: 0x00 Val: 0x00000000
In clock cycle: 320
Register Write to Reg: 0x0A Val: 0x00000000
In clock cycle: 324
Register Write to Reg: 0x00 Val: 0x00000000
In clock cycle: 326
Register Write to Reg: 0x00 Val: 0x00000000
In clock cycle: 327
Register Write to Reg: 0x02 Val: 0x00000004
In clock cycle: 328
Register Write to Reg: 0x01 Val: 0x10010000
In clock cycle: 329
Register Write to Reg: 0x04 Val: 0x1001002D
In clock cycle: 330
Register Write to Reg: 0x00 Val: 0x00000000
In clock cycle: 331
Register Write to Reg: 0x1F Val: 0x0040003C
In clock cycle: 332
Register Write to Reg: 0x00 Val: 0x00000000
In clock cycle: 333
Register Write to Reg: 0x01 Val: 0x10010000
In clock cycle: 334
Register Write to Reg: 0x08 Val: 0x00000005
In clock cycle: 336
Register Write to Reg: 0x01 Val: 0x10010000
In clock cycle: 337
Register Write to Reg: 0x09 Val: 0x10010000
In clock cycle: 338
Register Write to Reg: 0x0A Val: 0x00000000
In clock cycle: 343
Register Write to Reg: 0x0B Val: 0x00000000
In clock cycle: 344
Register Write to Reg: 0x0C Val: 0x10010000
In clock cycle: 345
Register Write to Reg: 0x04 Val: 0x00000001
In clock cycle: 346
Register Write to Reg: 0x02 Val: 0x00000001
In clock cycle: 347
Register Write to Reg: 0x02 Val: 0x00000004
In clock cycle: 348
Register Write to Reg: 0x01 Val: 0x10010000
In clock cycle: 349
Register Write to Reg: 0x04 Val: 0x1001001A
In clock cycle: 350
Register Write to Reg: 0x0A Val: 0x00000001
In clock cycle: 352
Register Write to Reg: 0x00 Val: 0x00000000
In clock cycle: 355
Register Write to Reg: 0x0B Val: 0x00000004
In clock cycle: 356
Register Write to Reg: 0x0C Val: 0x10010004
In clock cycle: 357
Register Write to Reg: 0x04 Val: 0x00000003
In clock cycle: 358
Register Write to Reg: 0x02 Val: 0x00000001
In clock cycle: 359
Register Write to Reg: 0x02 Val: 0x00000004
In clock cycle: 360
Register Write to Reg: 0x01 Val: 0x10010000
In clock cycle: 361
Register Write to Reg: 0x04 Val: 0x1001001A
In clock cycle: 362
Register Write to Reg: 0x0A Val: 0x00000002
In clock cycle: 364
Register Write to Reg: 0x00 Val: 0x00000000
In clock cycle: 367
Register Write to Reg: 0x0B Val: 0x00000008
In clock cycle: 368
Register Write to Reg: 0x0C Val: 0x10010008
In clock cycle: 369
Register Write to Reg: 0x04 Val: 0x00000005
In clock cycle: 370
Register Write to Reg: 0x02 Val: 0x00000001
In clock cycle: 371
Register Write to Reg: 0x02 Val: 0x00000004
In clock cycle: 372
Register Write to Reg: 0x01 Val: 0x10010000
In clock cycle: 373
Register Write to Reg: 0x04 Val: 0x1001001A
In clock cycle: 374
Register Write to Reg: 0x0A Val: 0x00000003
In clock cycle: 376
Register Write to Reg: 0x00 Val: 0x00000000
In clock cycle: 379
Register Write to Reg: 0x0B Val: 0x0000000C
In clock cycle: 380
Register Write to Reg: 0x0C Val: 0x1001000C
In clock cycle: 381
Register Write to Reg: 0x04 Val: 0x00000007
In clock cycle: 382
Register Write to Reg: 0x02 Val: 0x00000001
In clock cycle: 383
Register Write to Reg: 0x02 Val: 0x00000004
In clock cycle: 384
Register Write to Reg: 0x01 Val: 0x10010000
In clock cycle: 385
Register Write to Reg: 0x04 Val: 0x1001001A
In clock cycle: 386
Register Write to Reg: 0x0A Val: 0x00000004
In clock cycle: 388
Register Write to Reg: 0x00 Val: 0x00000000
In clock cycle: 391
Register Write to Reg: 0x0B Val: 0x00000010
In clock cycle: 392
Register Write to Reg: 0x0C Val: 0x10010010
In clock cycle: 393
Register Write to Reg: 0x04 Val: 0x00000009
In clock cycle: 394
Register Write to Reg: 0x02 Val: 0x00000001
In clock cycle: 395
Register Write to Reg: 0x02 Val: 0x00000004
In clock cycle: 396
Register Write to Reg: 0x01 Val: 0x10010000
In clock cycle: 397
Register Write to Reg: 0x04 Val: 0x1001001A
In clock cycle: 398
Register Write to Reg: 0x0A Val: 0x00000005
In clock cycle: 400
Register Write to Reg: 0x00 Val: 0x00000000
In clock cycle: 403
Register Write to Reg: 0x00 Val: 0x00000000
In clock cycle: 404
Register Write to Reg: 0x02 Val: 0x00000004
In clock cycle: 405
Register Write to Reg: 0x01 Val: 0x10010000
In clock cycle: 406
Register Write to Reg: 0x04 Val: 0x10010018
In clock cycle: 407
Register Write to Reg: 0x00 Val: 0x00000000
In clock cycle: 409
Register Write to Reg: 0x00 Val: 0x00000000
In clock cycle: 410
Register Write to Reg: 0x02 Val: 0x0000000A
In clock cycle: 411
Register Write to Reg: 0x00 Val: 0x00000000
In clock cycle: 412
Register Write to Reg: 0x00 Val: 0x00000000
In clock cycle: 413
Register Write to Reg: 0x00 Val: 0x00000000
Execution is stopping! Clock Cycle: 414
