In clock cycle: 0
Register Write to Reg: 0x01 Val: 0x55550000
In clock cycle: 1
Register Write to Reg: 0x01 Val: 0x55555555
In clock cycle: 2
Register Write to Reg: 0x01 Val: 0x55555555
In clock cycle: 3
Register Write to Reg: 0x01 Val: 0xAAAA0000
In clock cycle: 4
Register Write to Reg: 0x01 Val: 0xAAAAAAAA
In clock cycle: 5
Register Write to Reg: 0x02 Val: 0xAAAAAAAA
In clock cycle: 6
Register Write to Reg: 0x03 Val: 0xFFFFFFFF
In clock cycle: 7
Register Write to Reg: 0x04 Val: 0xFFFFFFFF
In clock cycle: 8
Register Write to Reg: 0x03 Val: 0xAAAAAAAA
In clock cycle: 9
Register Write to Reg: 0x04 Val: 0xAAAAAAAA
Execution is stopping! Clock Cycle: 10
