In clock cycle: 3
Register Write to Reg: 0x00 Val: 0x00000000
In clock cycle: 4
Register Write to Reg: 0x01 Val: 0x10010000
In clock cycle: 5
Register Write to Reg: 0x10 Val: 0x10010000
In clock cycle: 6
Register Write to Reg: 0x01 Val: 0x10010000
In clock cycle: 7
Register Write to Reg: 0x15 Val: 0x1001004C
In clock cycle: 8
Register Write to Reg: 0x15 Val: 0x00000013
In clock cycle: 10
Register Write to Reg: 0x12 Val: 0x00000001
In clock cycle: 13
Memory Write to Addr: 0x10010000 Val: 0x00000001
In clock cycle: 14
Memory Write to Addr: 0x10010004 Val: 0x00000001
In clock cycle: 16
Register Write to Reg: 0x11 Val: 0x00000011
In clock cycle: 17
Register Write to Reg: 0x13 Val: 0x00000001
In clock cycle: 21
Register Write to Reg: 0x14 Val: 0x00000001
In clock cycle: 23
Register Write to Reg: 0x12 Val: 0x00000002
In clock cycle: 26
Memory Write to Addr: 0x10010008 Val: 0x00000002
In clock cycle: 28
Register Write to Reg: 0x10 Val: 0x10010004
In clock cycle: 29
Register Write to Reg: 0x11 Val: 0x00000010
In clock cycle: 34
Register Write to Reg: 0x00 Val: 0x00000000
In clock cycle: 35
Register Write to Reg: 0x13 Val: 0x00000001
In clock cycle: 39
Register Write to Reg: 0x14 Val: 0x00000002
In clock cycle: 41
Register Write to Reg: 0x12 Val: 0x00000003
In clock cycle: 44
Memory Write to Addr: 0x1001000C Val: 0x00000003
In clock cycle: 46
Register Write to Reg: 0x10 Val: 0x10010008
In clock cycle: 47
Register Write to Reg: 0x11 Val: 0x0000000F
In clock cycle: 52
Register Write to Reg: 0x00 Val: 0x00000000
In clock cycle: 53
Register Write to Reg: 0x13 Val: 0x00000002
In clock cycle: 57
Register Write to Reg: 0x14 Val: 0x00000003
In clock cycle: 59
Register Write to Reg: 0x12 Val: 0x00000005
In clock cycle: 62
Memory Write to Addr: 0x10010010 Val: 0x00000005
In clock cycle: 64
Register Write to Reg: 0x10 Val: 0x1001000C
In clock cycle: 65
Register Write to Reg: 0x11 Val: 0x0000000E
In clock cycle: 70
Register Write to Reg: 0x00 Val: 0x00000000
In clock cycle: 71
Register Write to Reg: 0x13 Val: 0x00000003
In clock cycle: 75
Register Write to Reg: 0x14 Val: 0x00000005
In clock cycle: 77
Register Write to Reg: 0x12 Val: 0x00000008
In clock cycle: 80
Memory Write to Addr: 0x10010014 Val: 0x00000008
In clock cycle: 82
Register Write to Reg: 0x10 Val: 0x10010010
In clock cycle: 83
Register Write to Reg: 0x11 Val: 0x0000000D
In clock cycle: 88
Register Write to Reg: 0x00 Val: 0x00000000
In clock cycle: 89
Register Write to Reg: 0x13 Val: 0x00000005
In clock cycle: 93
Register Write to Reg: 0x14 Val: 0x00000008
In clock cycle: 95
Register Write to Reg: 0x12 Val: 0x0000000D
In clock cycle: 98
Memory Write to Addr: 0x10010018 Val: 0x0000000D
In clock cycle: 100
Register Write to Reg: 0x10 Val: 0x10010014
In clock cycle: 101
Register Write to Reg: 0x11 Val: 0x0000000C
In clock cycle: 106
Register Write to Reg: 0x00 Val: 0x00000000
In clock cycle: 107
Register Write to Reg: 0x13 Val: 0x00000008
In clock cycle: 111
Register Write to Reg: 0x14 Val: 0x0000000D
In clock cycle: 113
Register Write to Reg: 0x12 Val: 0x00000015
In clock cycle: 116
Memory Write to Addr: 0x1001001C Val: 0x00000015
In clock cycle: 118
Register Write to Reg: 0x10 Val: 0x10010018
In clock cycle: 119
Register Write to Reg: 0x11 Val: 0x0000000B
In clock cycle: 124
Register Write to Reg: 0x00 Val: 0x00000000
In clock cycle: 125
Register Write to Reg: 0x13 Val: 0x0000000D
In clock cycle: 129
Register Write to Reg: 0x14 Val: 0x00000015
In clock cycle: 131
Register Write to Reg: 0x12 Val: 0x00000022
In clock cycle: 134
Memory Write to Addr: 0x10010020 Val: 0x00000022
In clock cycle: 136
Register Write to Reg: 0x10 Val: 0x1001001C
In clock cycle: 137
Register Write to Reg: 0x11 Val: 0x0000000A
In clock cycle: 142
Register Write to Reg: 0x00 Val: 0x00000000
In clock cycle: 143
Register Write to Reg: 0x13 Val: 0x00000015
In clock cycle: 147
Register Write to Reg: 0x14 Val: 0x00000022
In clock cycle: 149
Register Write to Reg: 0x12 Val: 0x00000037
In clock cycle: 152
Memory Write to Addr: 0x10010024 Val: 0x00000037
In clock cycle: 154
Register Write to Reg: 0x10 Val: 0x10010020
In clock cycle: 155
Register Write to Reg: 0x11 Val: 0x00000009
In clock cycle: 160
Register Write to Reg: 0x00 Val: 0x00000000
In clock cycle: 161
Register Write to Reg: 0x13 Val: 0x00000022
In clock cycle: 165
Register Write to Reg: 0x14 Val: 0x00000037
In clock cycle: 167
Register Write to Reg: 0x12 Val: 0x00000059
In clock cycle: 170
Memory Write to Addr: 0x10010028 Val: 0x00000059
In clock cycle: 172
Register Write to Reg: 0x10 Val: 0x10010024
In clock cycle: 173
Register Write to Reg: 0x11 Val: 0x00000008
In clock cycle: 178
Register Write to Reg: 0x00 Val: 0x00000000
In clock cycle: 179
Register Write to Reg: 0x13 Val: 0x00000037
In clock cycle: 183
Register Write to Reg: 0x14 Val: 0x00000059
In clock cycle: 185
Register Write to Reg: 0x12 Val: 0x00000090
In clock cycle: 188
Memory Write to Addr: 0x1001002C Val: 0x00000090
In clock cycle: 190
Register Write to Reg: 0x10 Val: 0x10010028
In clock cycle: 191
Register Write to Reg: 0x11 Val: 0x00000007
In clock cycle: 196
Register Write to Reg: 0x00 Val: 0x00000000
In clock cycle: 197
Register Write to Reg: 0x13 Val: 0x00000059
In clock cycle: 201
Register Write to Reg: 0x14 Val: 0x00000090
In clock cycle: 203
Register Write to Reg: 0x12 Val: 0x000000E9
In clock cycle: 206
Memory Write to Addr: 0x10010030 Val: 0x000000E9
In clock cycle: 208
Register Write to Reg: 0x10 Val: 0x1001002C
In clock cycle: 209
Register Write to Reg: 0x11 Val: 0x00000006
In clock cycle: 214
Register Write to Reg: 0x00 Val: 0x00000000
In clock cycle: 215
Register Write to Reg: 0x13 Val: 0x00000090
In clock cycle: 219
Register Write to Reg: 0x14 Val: 0x000000E9
In clock cycle: 221
Register Write to Reg: 0x12 Val: 0x00000179
In clock cycle: 224
Memory Write to Addr: 0x10010034 Val: 0x00000179
In clock cycle: 226
Register Write to Reg: 0x10 Val: 0x10010030
In clock cycle: 227
Register Write to Reg: 0x11 Val: 0x00000005
In clock cycle: 232
Register Write to Reg: 0x00 Val: 0x00000000
In clock cycle: 233
Register Write to Reg: 0x13 Val: 0x000000E9
In clock cycle: 237
Register Write to Reg: 0x14 Val: 0x00000179
In clock cycle: 239
Register Write to Reg: 0x12 Val: 0x00000262
In clock cycle: 242
Memory Write to Addr: 0x10010038 Val: 0x00000262
In clock cycle: 244
Register Write to Reg: 0x10 Val: 0x10010034
In clock cycle: 245
Register Write to Reg: 0x11 Val: 0x00000004
In clock cycle: 250
Register Write to Reg: 0x00 Val: 0x00000000
In clock cycle: 251
Register Write to Reg: 0x13 Val: 0x00000179
In clock cycle: 255
Register Write to Reg: 0x14 Val: 0x00000262
In clock cycle: 257
Register Write to Reg: 0x12 Val: 0x000003DB
In clock cycle: 260
Memory Write to Addr: 0x1001003C Val: 0x000003DB
In clock cycle: 262
Register Write to Reg: 0x10 Val: 0x10010038
In clock cycle: 263
Register Write to Reg: 0x11 Val: 0x00000003
In clock cycle: 268
Register Write to Reg: 0x00 Val: 0x00000000
In clock cycle: 269
Register Write to Reg: 0x13 Val: 0x00000262
In clock cycle: 273
Register Write to Reg: 0x14 Val: 0x000003DB
In clock cycle: 275
Register Write to Reg: 0x12 Val: 0x0000063D
In clock cycle: 278
Memory Write to Addr: 0x10010040 Val: 0x0000063D
In clock cycle: 280
Register Write to Reg: 0x10 Val: 0x1001003C
In clock cycle: 281
Register Write to Reg: 0x11 Val: 0x00000002
In clock cycle: 286
Register Write to Reg: 0x00 Val: 0x00000000
In clock cycle: 287
Register Write to Reg: 0x13 Val: 0x000003DB
In clock cycle: 291
Register Write to Reg: 0x14 Val: 0x0000063D
In clock cycle: 293
Register Write to Reg: 0x12 Val: 0x00000A18
In clock cycle: 296
Memory Write to Addr: 0x10010044 Val: 0x00000A18
In clock cycle: 298
Register Write to Reg: 0x10 Val: 0x10010040
In clock cycle: 299
Register Write to Reg: 0x11 Val: 0x00000001
In clock cycle: 304
Register Write to Reg: 0x00 Val: 0x00000000
In clock cycle: 305
Register Write to Reg: 0x13 Val: 0x0000063D
In clock cycle: 309
Register Write to Reg: 0x14 Val: 0x00000A18
In clock cycle: 311
Register Write to Reg: 0x12 Val: 0x00001055
In clock cycle: 314
Memory Write to Addr: 0x10010048 Val: 0x00001055
In clock cycle: 316
Register Write to Reg: 0x10 Val: 0x10010044
In clock cycle: 317
Register Write to Reg: 0x11 Val: 0x00000000
In clock cycle: 322
Register Write to Reg: 0x01 Val: 0x10010000
In clock cycle: 323
Register Write to Reg: 0x04 Val: 0x10010000
In clock cycle: 324
Register Write to Reg: 0x05 Val: 0x00000013
In clock cycle: 325
Register Write to Reg: 0x1F Val: 0x00400050
In clock cycle: 326
Register Write to Reg: 0x00 Val: 0x00000000
In clock cycle: 327
Register Write to Reg: 0x08 Val: 0x10010000
In clock cycle: 328
Register Write to Reg: 0x09 Val: 0x00000013
In clock cycle: 329
Register Write to Reg: 0x01 Val: 0x10010000
In clock cycle: 330
Register Write to Reg: 0x04 Val: 0x10010089
In clock cycle: 331
Register Write to Reg: 0x02 Val: 0x00000004
In clock cycle: 332
Register Write to Reg: 0x00 Val: 0x00000000
In clock cycle: 333
Register Write to Reg: 0x04 Val: 0x00000001
In clock cycle: 335
Register Write to Reg: 0x02 Val: 0x00000001
In clock cycle: 336
Register Write to Reg: 0x00 Val: 0x00000000
In clock cycle: 337
Register Write to Reg: 0x01 Val: 0x10010000
In clock cycle: 338
Register Write to Reg: 0x04 Val: 0x10010087
In clock cycle: 339
Register Write to Reg: 0x02 Val: 0x00000004
In clock cycle: 340
Register Write to Reg: 0x00 Val: 0x00000000
In clock cycle: 341
Register Write to Reg: 0x08 Val: 0x10010004
In clock cycle: 342
Register Write to Reg: 0x09 Val: 0x00000012
In clock cycle: 347
Register Write to Reg: 0x00 Val: 0x00000000
In clock cycle: 348
Register Write to Reg: 0x04 Val: 0x00000001
In clock cycle: 350
Register Write to Reg: 0x02 Val: 0x00000001
In clock cycle: 351
Register Write to Reg: 0x00 Val: 0x00000000
In clock cycle: 352
Register Write to Reg: 0x01 Val: 0x10010000
In clock cycle: 353
Register Write to Reg: 0x04 Val: 0x10010087
In clock cycle: 354
Register Write to Reg: 0x02 Val: 0x00000004
In clock cycle: 355
Register Write to Reg: 0x00 Val: 0x00000000
In clock cycle: 356
Register Write to Reg: 0x08 Val: 0x10010008
In clock cycle: 357
Register Write to Reg: 0x09 Val: 0x00000011
In clock cycle: 362
Register Write to Reg: 0x00 Val: 0x00000000
In clock cycle: 363
Register Write to Reg: 0x04 Val: 0x00000002
In clock cycle: 365
Register Write to Reg: 0x02 Val: 0x00000001
In clock cycle: 366
Register Write to Reg: 0x00 Val: 0x00000000
In clock cycle: 367
Register Write to Reg: 0x01 Val: 0x10010000
In clock cycle: 368
Register Write to Reg: 0x04 Val: 0x10010087
In clock cycle: 369
Register Write to Reg: 0x02 Val: 0x00000004
In clock cycle: 370
Register Write to Reg: 0x00 Val: 0x00000000
In clock cycle: 371
Register Write to Reg: 0x08 Val: 0x1001000C
In clock cycle: 372
Register Write to Reg: 0x09 Val: 0x00000010
In clock cycle: 377
Register Write to Reg: 0x00 Val: 0x00000000
In clock cycle: 378
Register Write to Reg: 0x04 Val: 0x00000003
In clock cycle: 380
Register Write to Reg: 0x02 Val: 0x00000001
In clock cycle: 381
Register Write to Reg: 0x00 Val: 0x00000000
In clock cycle: 382
Register Write to Reg: 0x01 Val: 0x10010000
In clock cycle: 383
Register Write to Reg: 0x04 Val: 0x10010087
In clock cycle: 384
Register Write to Reg: 0x02 Val: 0x00000004
In clock cycle: 385
Register Write to Reg: 0x00 Val: 0x00000000
In clock cycle: 386
Register Write to Reg: 0x08 Val: 0x10010010
In clock cycle: 387
Register Write to Reg: 0x09 Val: 0x0000000F
In clock cycle: 392
Register Write to Reg: 0x00 Val: 0x00000000
In clock cycle: 393
Register Write to Reg: 0x04 Val: 0x00000005
In clock cycle: 395
Register Write to Reg: 0x02 Val: 0x00000001
In clock cycle: 396
Register Write to Reg: 0x00 Val: 0x00000000
In clock cycle: 397
Register Write to Reg: 0x01 Val: 0x10010000
In clock cycle: 398
Register Write to Reg: 0x04 Val: 0x10010087
In clock cycle: 399
Register Write to Reg: 0x02 Val: 0x00000004
In clock cycle: 400
Register Write to Reg: 0x00 Val: 0x00000000
In clock cycle: 401
Register Write to Reg: 0x08 Val: 0x10010014
In clock cycle: 402
Register Write to Reg: 0x09 Val: 0x0000000E
In clock cycle: 407
Register Write to Reg: 0x00 Val: 0x00000000
In clock cycle: 408
Register Write to Reg: 0x04 Val: 0x00000008
In clock cycle: 410
Register Write to Reg: 0x02 Val: 0x00000001
In clock cycle: 411
Register Write to Reg: 0x00 Val: 0x00000000
In clock cycle: 412
Register Write to Reg: 0x01 Val: 0x10010000
In clock cycle: 413
Register Write to Reg: 0x04 Val: 0x10010087
In clock cycle: 414
Register Write to Reg: 0x02 Val: 0x00000004
In clock cycle: 415
Register Write to Reg: 0x00 Val: 0x00000000
In clock cycle: 416
Register Write to Reg: 0x08 Val: 0x10010018
In clock cycle: 417
Register Write to Reg: 0x09 Val: 0x0000000D
In clock cycle: 422
Register Write to Reg: 0x00 Val: 0x00000000
In clock cycle: 423
Register Write to Reg: 0x04 Val: 0x0000000D
In clock cycle: 425
Register Write to Reg: 0x02 Val: 0x00000001
In clock cycle: 426
Register Write to Reg: 0x00 Val: 0x00000000
In clock cycle: 427
Register Write to Reg: 0x01 Val: 0x10010000
In clock cycle: 428
Register Write to Reg: 0x04 Val: 0x10010087
In clock cycle: 429
Register Write to Reg: 0x02 Val: 0x00000004
In clock cycle: 430
Register Write to Reg: 0x00 Val: 0x00000000
In clock cycle: 431
Register Write to Reg: 0x08 Val: 0x1001001C
In clock cycle: 432
Register Write to Reg: 0x09 Val: 0x0000000C
In clock cycle: 437
Register Write to Reg: 0x00 Val: 0x00000000
In clock cycle: 438
Register Write to Reg: 0x04 Val: 0x00000015
In clock cycle: 440
Register Write to Reg: 0x02 Val: 0x00000001
In clock cycle: 441
Register Write to Reg: 0x00 Val: 0x00000000
In clock cycle: 442
Register Write to Reg: 0x01 Val: 0x10010000
In clock cycle: 443
Register Write to Reg: 0x04 Val: 0x10010087
In clock cycle: 444
Register Write to Reg: 0x02 Val: 0x00000004
In clock cycle: 445
Register Write to Reg: 0x00 Val: 0x00000000
In clock cycle: 446
Register Write to Reg: 0x08 Val: 0x10010020
In clock cycle: 447
Register Write to Reg: 0x09 Val: 0x0000000B
In clock cycle: 452
Register Write to Reg: 0x00 Val: 0x00000000
In clock cycle: 453
Register Write to Reg: 0x04 Val: 0x00000022
In clock cycle: 455
Register Write to Reg: 0x02 Val: 0x00000001
In clock cycle: 456
Register Write to Reg: 0x00 Val: 0x00000000
In clock cycle: 457
Register Write to Reg: 0x01 Val: 0x10010000
In clock cycle: 458
Register Write to Reg: 0x04 Val: 0x10010087
In clock cycle: 459
Register Write to Reg: 0x02 Val: 0x00000004
In clock cycle: 460
Register Write to Reg: 0x00 Val: 0x00000000
In clock cycle: 461
Register Write to Reg: 0x08 Val: 0x10010024
In clock cycle: 462
Register Write to Reg: 0x09 Val: 0x0000000A
In clock cycle: 467
Register Write to Reg: 0x00 Val: 0x00000000
In clock cycle: 468
Register Write to Reg: 0x04 Val: 0x00000037
In clock cycle: 470
Register Write to Reg: 0x02 Val: 0x00000001
In clock cycle: 471
Register Write to Reg: 0x00 Val: 0x00000000
In clock cycle: 472
Register Write to Reg: 0x01 Val: 0x10010000
In clock cycle: 473
Register Write to Reg: 0x04 Val: 0x10010087
In clock cycle: 474
Register Write to Reg: 0x02 Val: 0x00000004
In clock cycle: 475
Register Write to Reg: 0x00 Val: 0x00000000
In clock cycle: 476
Register Write to Reg: 0x08 Val: 0x10010028
In clock cycle: 477
Register Write to Reg: 0x09 Val: 0x00000009
In clock cycle: 482
Register Write to Reg: 0x00 Val: 0x00000000
In clock cycle: 483
Register Write to Reg: 0x04 Val: 0x00000059
In clock cycle: 485
Register Write to Reg: 0x02 Val: 0x00000001
In clock cycle: 486
Register Write to Reg: 0x00 Val: 0x00000000
In clock cycle: 487
Register Write to Reg: 0x01 Val: 0x10010000
In clock cycle: 488
Register Write to Reg: 0x04 Val: 0x10010087
In clock cycle: 489
Register Write to Reg: 0x02 Val: 0x00000004
In clock cycle: 490
Register Write to Reg: 0x00 Val: 0x00000000
In clock cycle: 491
Register Write to Reg: 0x08 Val: 0x1001002C
In clock cycle: 492
Register Write to Reg: 0x09 Val: 0x00000008
In clock cycle: 497
Register Write to Reg: 0x00 Val: 0x00000000
In clock cycle: 498
Register Write to Reg: 0x04 Val: 0x00000090
In clock cycle: 500
Register Write to Reg: 0x02 Val: 0x00000001
In clock cycle: 501
Register Write to Reg: 0x00 Val: 0x00000000
In clock cycle: 502
Register Write to Reg: 0x01 Val: 0x10010000
In clock cycle: 503
Register Write to Reg: 0x04 Val: 0x10010087
In clock cycle: 504
Register Write to Reg: 0x02 Val: 0x00000004
In clock cycle: 505
Register Write to Reg: 0x00 Val: 0x00000000
In clock cycle: 506
Register Write to Reg: 0x08 Val: 0x10010030
In clock cycle: 507
Register Write to Reg: 0x09 Val: 0x00000007
In clock cycle: 512
Register Write to Reg: 0x00 Val: 0x00000000
In clock cycle: 513
Register Write to Reg: 0x04 Val: 0x000000E9
In clock cycle: 515
Register Write to Reg: 0x02 Val: 0x00000001
In clock cycle: 516
Register Write to Reg: 0x00 Val: 0x00000000
In clock cycle: 517
Register Write to Reg: 0x01 Val: 0x10010000
In clock cycle: 518
Register Write to Reg: 0x04 Val: 0x10010087
In clock cycle: 519
Register Write to Reg: 0x02 Val: 0x00000004
In clock cycle: 520
Register Write to Reg: 0x00 Val: 0x00000000
In clock cycle: 521
Register Write to Reg: 0x08 Val: 0x10010034
In clock cycle: 522
Register Write to Reg: 0x09 Val: 0x00000006
In clock cycle: 527
Register Write to Reg: 0x00 Val: 0x00000000
In clock cycle: 528
Register Write to Reg: 0x04 Val: 0x00000179
In clock cycle: 530
Register Write to Reg: 0x02 Val: 0x00000001
In clock cycle: 531
Register Write to Reg: 0x00 Val: 0x00000000
In clock cycle: 532
Register Write to Reg: 0x01 Val: 0x10010000
In clock cycle: 533
Register Write to Reg: 0x04 Val: 0x10010087
In clock cycle: 534
Register Write to Reg: 0x02 Val: 0x00000004
In clock cycle: 535
Register Write to Reg: 0x00 Val: 0x00000000
In clock cycle: 536
Register Write to Reg: 0x08 Val: 0x10010038
In clock cycle: 537
Register Write to Reg: 0x09 Val: 0x00000005
In clock cycle: 542
Register Write to Reg: 0x00 Val: 0x00000000
In clock cycle: 543
Register Write to Reg: 0x04 Val: 0x00000262
In clock cycle: 545
Register Write to Reg: 0x02 Val: 0x00000001
In clock cycle: 546
Register Write to Reg: 0x00 Val: 0x00000000
In clock cycle: 547
Register Write to Reg: 0x01 Val: 0x10010000
In clock cycle: 548
Register Write to Reg: 0x04 Val: 0x10010087
In clock cycle: 549
Register Write to Reg: 0x02 Val: 0x00000004
In clock cycle: 550
Register Write to Reg: 0x00 Val: 0x00000000
In clock cycle: 551
Register Write to Reg: 0x08 Val: 0x1001003C
In clock cycle: 552
Register Write to Reg: 0x09 Val: 0x00000004
In clock cycle: 557
Register Write to Reg: 0x00 Val: 0x00000000
In clock cycle: 558
Register Write to Reg: 0x04 Val: 0x000003DB
In clock cycle: 560
Register Write to Reg: 0x02 Val: 0x00000001
In clock cycle: 561
Register Write to Reg: 0x00 Val: 0x00000000
In clock cycle: 562
Register Write to Reg: 0x01 Val: 0x10010000
In clock cycle: 563
Register Write to Reg: 0x04 Val: 0x10010087
In clock cycle: 564
Register Write to Reg: 0x02 Val: 0x00000004
In clock cycle: 565
Register Write to Reg: 0x00 Val: 0x00000000
In clock cycle: 566
Register Write to Reg: 0x08 Val: 0x10010040
In clock cycle: 567
Register Write to Reg: 0x09 Val: 0x00000003
In clock cycle: 572
Register Write to Reg: 0x00 Val: 0x00000000
In clock cycle: 573
Register Write to Reg: 0x04 Val: 0x0000063D
In clock cycle: 575
Register Write to Reg: 0x02 Val: 0x00000001
In clock cycle: 576
Register Write to Reg: 0x00 Val: 0x00000000
In clock cycle: 577
Register Write to Reg: 0x01 Val: 0x10010000
In clock cycle: 578
Register Write to Reg: 0x04 Val: 0x10010087
In clock cycle: 579
Register Write to Reg: 0x02 Val: 0x00000004
In clock cycle: 580
Register Write to Reg: 0x00 Val: 0x00000000
In clock cycle: 581
Register Write to Reg: 0x08 Val: 0x10010044
In clock cycle: 582
Register Write to Reg: 0x09 Val: 0x00000002
In clock cycle: 587
Register Write to Reg: 0x00 Val: 0x00000000
In clock cycle: 588
Register Write to Reg: 0x04 Val: 0x00000A18
In clock cycle: 590
Register Write to Reg: 0x02 Val: 0x00000001
In clock cycle: 591
Register Write to Reg: 0x00 Val: 0x00000000
In clock cycle: 592
Register Write to Reg: 0x01 Val: 0x10010000
In clock cycle: 593
Register Write to Reg: 0x04 Val: 0x10010087
In clock cycle: 594
Register Write to Reg: 0x02 Val: 0x00000004
In clock cycle: 595
Register Write to Reg: 0x00 Val: 0x00000000
In clock cycle: 596
Register Write to Reg: 0x08 Val: 0x10010048
In clock cycle: 597
Register Write to Reg: 0x09 Val: 0x00000001
In clock cycle: 602
Register Write to Reg: 0x00 Val: 0x00000000
In clock cycle: 603
Register Write to Reg: 0x04 Val: 0x00001055
In clock cycle: 605
Register Write to Reg: 0x02 Val: 0x00000001
In clock cycle: 606
Register Write to Reg: 0x00 Val: 0x00000000
In clock cycle: 607
Register Write to Reg: 0x01 Val: 0x10010000
In clock cycle: 608
Register Write to Reg: 0x04 Val: 0x10010087
In clock cycle: 609
Register Write to Reg: 0x02 Val: 0x00000004
In clock cycle: 610
Register Write to Reg: 0x00 Val: 0x00000000
In clock cycle: 611
Register Write to Reg: 0x08 Val: 0x1001004C
In clock cycle: 612
Register Write to Reg: 0x09 Val: 0x00000000
In clock cycle: 618
Register Write to Reg: 0x00 Val: 0x00000000
In clock cycle: 619
Register Write to Reg: 0x00 Val: 0x00000000
In clock cycle: 620
Register Write to Reg: 0x00 Val: 0x00000000
In clock cycle: 621
Register Write to Reg: 0x00 Val: 0x00000000
Execution is stopping! Clock Cycle: 622
