[inst #1] lui $1,4097
Register Write to Reg: 0x01 Val: 0x10010000
[inst #2] lw $8,20($1)
Register Write to Reg: 0x08 Val: 0x00000005
[inst #3] lui $1,4097
Register Write to Reg: 0x01 Val: 0x10010000
[inst #4] ori $9,$1,0
Register Write to Reg: 0x09 Val: 0x10010000
[inst #5] addiu $2,$0,4
Register Write to Reg: 0x02 Val: 0x00000004
[inst #6] lui $1,4097
Register Write to Reg: 0x01 Val: 0x10010000
[inst #7] ori $4,$1,28
Register Write to Reg: 0x04 Val: 0x1001001C
[inst #8] syscall 
Unsorted Array:
[inst #9] jal 4194372
Register Write to Reg: 0x1F Val: 0x00400024
[inst #10] lui $1,4097
Register Write to Reg: 0x01 Val: 0x10010000
[inst #11] lw $8,20($1)
Register Write to Reg: 0x08 Val: 0x00000005
[inst #12] lui $1,4097
Register Write to Reg: 0x01 Val: 0x10010000
[inst #13] ori $9,$1,0
Register Write to Reg: 0x09 Val: 0x10010000
[inst #14] addiu $10,$0,0
Register Write to Reg: 0x0A Val: 0x00000000
[inst #15] beq $10,$8,9
[inst #16] sll $11,$10,2
Register Write to Reg: 0x0B Val: 0x00000000
[inst #17] add $12,$9,$11
Register Write to Reg: 0x0C Val: 0x10010000
[inst #18] lw $4,0($12)
Register Write to Reg: 0x04 Val: 0x00000007
[inst #19] addiu $2,$0,1
Register Write to Reg: 0x02 Val: 0x00000001
[inst #20] addiu $2,$0,4
Register Write to Reg: 0x02 Val: 0x00000004
[inst #21] lui $1,4097
Register Write to Reg: 0x01 Val: 0x10010000
[inst #22] ori $4,$1,26
Register Write to Reg: 0x04 Val: 0x1001001A
[inst #23] addi $10,$10,1
Register Write to Reg: 0x0A Val: 0x00000001
[inst #24] j 4194392
[inst #25] beq $10,$8,9
[inst #26] sll $11,$10,2
Register Write to Reg: 0x0B Val: 0x00000004
[inst #27] add $12,$9,$11
Register Write to Reg: 0x0C Val: 0x10010004
[inst #28] lw $4,0($12)
Register Write to Reg: 0x04 Val: 0x00000003
[inst #29] addiu $2,$0,1
Register Write to Reg: 0x02 Val: 0x00000001
[inst #30] addiu $2,$0,4
Register Write to Reg: 0x02 Val: 0x00000004
[inst #31] lui $1,4097
Register Write to Reg: 0x01 Val: 0x10010000
[inst #32] ori $4,$1,26
Register Write to Reg: 0x04 Val: 0x1001001A
[inst #33] addi $10,$10,1
Register Write to Reg: 0x0A Val: 0x00000002
[inst #34] j 4194392
[inst #35] beq $10,$8,9
[inst #36] sll $11,$10,2
Register Write to Reg: 0x0B Val: 0x00000008
[inst #37] add $12,$9,$11
Register Write to Reg: 0x0C Val: 0x10010008
[inst #38] lw $4,0($12)
Register Write to Reg: 0x04 Val: 0x00000009
[inst #39] addiu $2,$0,1
Register Write to Reg: 0x02 Val: 0x00000001
[inst #40] addiu $2,$0,4
Register Write to Reg: 0x02 Val: 0x00000004
[inst #41] lui $1,4097
Register Write to Reg: 0x01 Val: 0x10010000
[inst #42] ori $4,$1,26
Register Write to Reg: 0x04 Val: 0x1001001A
[inst #43] addi $10,$10,1
Register Write to Reg: 0x0A Val: 0x00000003
[inst #44] j 4194392
[inst #45] beq $10,$8,9
[inst #46] sll $11,$10,2
Register Write to Reg: 0x0B Val: 0x0000000C
[inst #47] add $12,$9,$11
Register Write to Reg: 0x0C Val: 0x1001000C
[inst #48] lw $4,0($12)
Register Write to Reg: 0x04 Val: 0x00000001
[inst #49] addiu $2,$0,1
Register Write to Reg: 0x02 Val: 0x00000001
[inst #50] addiu $2,$0,4
Register Write to Reg: 0x02 Val: 0x00000004
[inst #51] lui $1,4097
Register Write to Reg: 0x01 Val: 0x10010000
[inst #52] ori $4,$1,26
Register Write to Reg: 0x04 Val: 0x1001001A
[inst #53] addi $10,$10,1
Register Write to Reg: 0x0A Val: 0x00000004
[inst #54] j 4194392
[inst #55] beq $10,$8,9
[inst #56] sll $11,$10,2
Register Write to Reg: 0x0B Val: 0x00000010
[inst #57] add $12,$9,$11
Register Write to Reg: 0x0C Val: 0x10010010
[inst #58] lw $4,0($12)
Register Write to Reg: 0x04 Val: 0x00000005
[inst #59] addiu $2,$0,1
Register Write to Reg: 0x02 Val: 0x00000001
[inst #60] addiu $2,$0,4
Register Write to Reg: 0x02 Val: 0x00000004
[inst #61] lui $1,4097
Register Write to Reg: 0x01 Val: 0x10010000
[inst #62] ori $4,$1,26
Register Write to Reg: 0x04 Val: 0x1001001A
[inst #63] addi $10,$10,1
Register Write to Reg: 0x0A Val: 0x00000005
[inst #64] j 4194392
[inst #65] beq $10,$8,9
[inst #66] addiu $2,$0,4
Register Write to Reg: 0x02 Val: 0x00000004
[inst #67] lui $1,4097
Register Write to Reg: 0x01 Val: 0x10010000
[inst #68] ori $4,$1,24
Register Write to Reg: 0x04 Val: 0x10010018
[inst #69] syscall 

[inst #70] jr $31
[inst #71] jal 4194452
Register Write to Reg: 0x1F Val: 0x00400028
[inst #72] lui $1,4097
Register Write to Reg: 0x01 Val: 0x10010000
[inst #73] lw $8,20($1)
Register Write to Reg: 0x08 Val: 0x00000005
[inst #74] lui $1,4097
Register Write to Reg: 0x01 Val: 0x10010000
[inst #75] ori $9,$1,0
Register Write to Reg: 0x09 Val: 0x10010000
[inst #76] addi $8,$8,-1
Register Write to Reg: 0x08 Val: 0x00000004
[inst #77] addiu $10,$0,0
Register Write to Reg: 0x0A Val: 0x00000000
[inst #78] beq $8,$0,12
[inst #79] sll $11,$10,2
Register Write to Reg: 0x0B Val: 0x00000000
[inst #80] add $12,$9,$11
Register Write to Reg: 0x0C Val: 0x10010000
[inst #81] lw $13,0($12)
Register Write to Reg: 0x0D Val: 0x00000007
[inst #82] lw $14,4($12)
Register Write to Reg: 0x0E Val: 0x00000003
[inst #83] slt $15,$14,$13
Register Write to Reg: 0x0F Val: 0x00000001
[inst #84] beq $15,$0,2
[inst #85] sw $14,0($12)
Memory Write to Addr: 0x10010000 Val: 0x00000003
[inst #86] sw $13,4($12)
Memory Write to Addr: 0x10010004 Val: 0x00000007
[inst #87] addi $10,$10,1
Register Write to Reg: 0x0A Val: 0x00000001
[inst #88] bne $10,$8,-10
[inst #89] sll $11,$10,2
Register Write to Reg: 0x0B Val: 0x00000004
[inst #90] add $12,$9,$11
Register Write to Reg: 0x0C Val: 0x10010004
[inst #91] lw $13,0($12)
Register Write to Reg: 0x0D Val: 0x00000007
[inst #92] lw $14,4($12)
Register Write to Reg: 0x0E Val: 0x00000009
[inst #93] slt $15,$14,$13
Register Write to Reg: 0x0F Val: 0x00000000
[inst #94] beq $15,$0,2
[inst #95] addi $10,$10,1
Register Write to Reg: 0x0A Val: 0x00000002
[inst #96] bne $10,$8,-10
[inst #97] sll $11,$10,2
Register Write to Reg: 0x0B Val: 0x00000008
[inst #98] add $12,$9,$11
Register Write to Reg: 0x0C Val: 0x10010008
[inst #99] lw $13,0($12)
Register Write to Reg: 0x0D Val: 0x00000009
[inst #100] lw $14,4($12)
Register Write to Reg: 0x0E Val: 0x00000001
[inst #101] slt $15,$14,$13
Register Write to Reg: 0x0F Val: 0x00000001
[inst #102] beq $15,$0,2
[inst #103] sw $14,0($12)
Memory Write to Addr: 0x10010008 Val: 0x00000001
[inst #104] sw $13,4($12)
Memory Write to Addr: 0x1001000C Val: 0x00000009
[inst #105] addi $10,$10,1
Register Write to Reg: 0x0A Val: 0x00000003
[inst #106] bne $10,$8,-10
[inst #107] sll $11,$10,2
Register Write to Reg: 0x0B Val: 0x0000000C
[inst #108] add $12,$9,$11
Register Write to Reg: 0x0C Val: 0x1001000C
[inst #109] lw $13,0($12)
Register Write to Reg: 0x0D Val: 0x00000009
[inst #110] lw $14,4($12)
Register Write to Reg: 0x0E Val: 0x00000005
[inst #111] slt $15,$14,$13
Register Write to Reg: 0x0F Val: 0x00000001
[inst #112] beq $15,$0,2
[inst #113] sw $14,0($12)
Memory Write to Addr: 0x1001000C Val: 0x00000005
[inst #114] sw $13,4($12)
Memory Write to Addr: 0x10010010 Val: 0x00000009
[inst #115] addi $10,$10,1
Register Write to Reg: 0x0A Val: 0x00000004
[inst #116] bne $10,$8,-10
[inst #117] addi $8,$8,-1
Register Write to Reg: 0x08 Val: 0x00000003
[inst #118] j 4194472
[inst #119] addiu $10,$0,0
Register Write to Reg: 0x0A Val: 0x00000000
[inst #120] beq $8,$0,12
[inst #121] sll $11,$10,2
Register Write to Reg: 0x0B Val: 0x00000000
[inst #122] add $12,$9,$11
Register Write to Reg: 0x0C Val: 0x10010000
[inst #123] lw $13,0($12)
Register Write to Reg: 0x0D Val: 0x00000003
[inst #124] lw $14,4($12)
Register Write to Reg: 0x0E Val: 0x00000007
[inst #125] slt $15,$14,$13
Register Write to Reg: 0x0F Val: 0x00000000
[inst #126] beq $15,$0,2
[inst #127] addi $10,$10,1
Register Write to Reg: 0x0A Val: 0x00000001
[inst #128] bne $10,$8,-10
[inst #129] sll $11,$10,2
Register Write to Reg: 0x0B Val: 0x00000004
[inst #130] add $12,$9,$11
Register Write to Reg: 0x0C Val: 0x10010004
[inst #131] lw $13,0($12)
Register Write to Reg: 0x0D Val: 0x00000007
[inst #132] lw $14,4($12)
Register Write to Reg: 0x0E Val: 0x00000001
[inst #133] slt $15,$14,$13
Register Write to Reg: 0x0F Val: 0x00000001
[inst #134] beq $15,$0,2
[inst #135] sw $14,0($12)
Memory Write to Addr: 0x10010004 Val: 0x00000001
[inst #136] sw $13,4($12)
Memory Write to Addr: 0x10010008 Val: 0x00000007
[inst #137] addi $10,$10,1
Register Write to Reg: 0x0A Val: 0x00000002
[inst #138] bne $10,$8,-10
[inst #139] sll $11,$10,2
Register Write to Reg: 0x0B Val: 0x00000008
[inst #140] add $12,$9,$11
Register Write to Reg: 0x0C Val: 0x10010008
[inst #141] lw $13,0($12)
Register Write to Reg: 0x0D Val: 0x00000007
[inst #142] lw $14,4($12)
Register Write to Reg: 0x0E Val: 0x00000005
[inst #143] slt $15,$14,$13
Register Write to Reg: 0x0F Val: 0x00000001
[inst #144] beq $15,$0,2
[inst #145] sw $14,0($12)
Memory Write to Addr: 0x10010008 Val: 0x00000005
[inst #146] sw $13,4($12)
Memory Write to Addr: 0x1001000C Val: 0x00000007
[inst #147] addi $10,$10,1
Register Write to Reg: 0x0A Val: 0x00000003
[inst #148] bne $10,$8,-10
[inst #149] addi $8,$8,-1
Register Write to Reg: 0x08 Val: 0x00000002
[inst #150] j 4194472
[inst #151] addiu $10,$0,0
Register Write to Reg: 0x0A Val: 0x00000000
[inst #152] beq $8,$0,12
[inst #153] sll $11,$10,2
Register Write to Reg: 0x0B Val: 0x00000000
[inst #154] add $12,$9,$11
Register Write to Reg: 0x0C Val: 0x10010000
[inst #155] lw $13,0($12)
Register Write to Reg: 0x0D Val: 0x00000003
[inst #156] lw $14,4($12)
Register Write to Reg: 0x0E Val: 0x00000001
[inst #157] slt $15,$14,$13
Register Write to Reg: 0x0F Val: 0x00000001
[inst #158] beq $15,$0,2
[inst #159] sw $14,0($12)
Memory Write to Addr: 0x10010000 Val: 0x00000001
[inst #160] sw $13,4($12)
Memory Write to Addr: 0x10010004 Val: 0x00000003
[inst #161] addi $10,$10,1
Register Write to Reg: 0x0A Val: 0x00000001
[inst #162] bne $10,$8,-10
[inst #163] sll $11,$10,2
Register Write to Reg: 0x0B Val: 0x00000004
[inst #164] add $12,$9,$11
Register Write to Reg: 0x0C Val: 0x10010004
[inst #165] lw $13,0($12)
Register Write to Reg: 0x0D Val: 0x00000003
[inst #166] lw $14,4($12)
Register Write to Reg: 0x0E Val: 0x00000005
[inst #167] slt $15,$14,$13
Register Write to Reg: 0x0F Val: 0x00000000
[inst #168] beq $15,$0,2
[inst #169] addi $10,$10,1
Register Write to Reg: 0x0A Val: 0x00000002
[inst #170] bne $10,$8,-10
[inst #171] addi $8,$8,-1
Register Write to Reg: 0x08 Val: 0x00000001
[inst #172] j 4194472
[inst #173] addiu $10,$0,0
Register Write to Reg: 0x0A Val: 0x00000000
[inst #174] beq $8,$0,12
[inst #175] sll $11,$10,2
Register Write to Reg: 0x0B Val: 0x00000000
[inst #176] add $12,$9,$11
Register Write to Reg: 0x0C Val: 0x10010000
[inst #177] lw $13,0($12)
Register Write to Reg: 0x0D Val: 0x00000001
[inst #178] lw $14,4($12)
Register Write to Reg: 0x0E Val: 0x00000003
[inst #179] slt $15,$14,$13
Register Write to Reg: 0x0F Val: 0x00000000
[inst #180] beq $15,$0,2
[inst #181] addi $10,$10,1
Register Write to Reg: 0x0A Val: 0x00000001
[inst #182] bne $10,$8,-10
[inst #183] addi $8,$8,-1
Register Write to Reg: 0x08 Val: 0x00000000
[inst #184] j 4194472
[inst #185] addiu $10,$0,0
Register Write to Reg: 0x0A Val: 0x00000000
[inst #186] beq $8,$0,12
[inst #187] jr $31
[inst #188] addiu $2,$0,4
Register Write to Reg: 0x02 Val: 0x00000004
[inst #189] lui $1,4097
Register Write to Reg: 0x01 Val: 0x10010000
[inst #190] ori $4,$1,45
Register Write to Reg: 0x04 Val: 0x1001002D
[inst #191] syscall 
Sorted Array:
[inst #192] jal 4194372
Register Write to Reg: 0x1F Val: 0x0040003C
[inst #193] lui $1,4097
Register Write to Reg: 0x01 Val: 0x10010000
[inst #194] lw $8,20($1)
Register Write to Reg: 0x08 Val: 0x00000005
[inst #195] lui $1,4097
Register Write to Reg: 0x01 Val: 0x10010000
[inst #196] ori $9,$1,0
Register Write to Reg: 0x09 Val: 0x10010000
[inst #197] addiu $10,$0,0
Register Write to Reg: 0x0A Val: 0x00000000
[inst #198] beq $10,$8,9
[inst #199] sll $11,$10,2
Register Write to Reg: 0x0B Val: 0x00000000
[inst #200] add $12,$9,$11
Register Write to Reg: 0x0C Val: 0x10010000
[inst #201] lw $4,0($12)
Register Write to Reg: 0x04 Val: 0x00000001
[inst #202] addiu $2,$0,1
Register Write to Reg: 0x02 Val: 0x00000001
[inst #203] addiu $2,$0,4
Register Write to Reg: 0x02 Val: 0x00000004
[inst #204] lui $1,4097
Register Write to Reg: 0x01 Val: 0x10010000
[inst #205] ori $4,$1,26
Register Write to Reg: 0x04 Val: 0x1001001A
[inst #206] addi $10,$10,1
Register Write to Reg: 0x0A Val: 0x00000001
[inst #207] j 4194392
[inst #208] beq $10,$8,9
[inst #209] sll $11,$10,2
Register Write to Reg: 0x0B Val: 0x00000004
[inst #210] add $12,$9,$11
Register Write to Reg: 0x0C Val: 0x10010004
[inst #211] lw $4,0($12)
Register Write to Reg: 0x04 Val: 0x00000003
[inst #212] addiu $2,$0,1
Register Write to Reg: 0x02 Val: 0x00000001
[inst #213] addiu $2,$0,4
Register Write to Reg: 0x02 Val: 0x00000004
[inst #214] lui $1,4097
Register Write to Reg: 0x01 Val: 0x10010000
[inst #215] ori $4,$1,26
Register Write to Reg: 0x04 Val: 0x1001001A
[inst #216] addi $10,$10,1
Register Write to Reg: 0x0A Val: 0x00000002
[inst #217] j 4194392
[inst #218] beq $10,$8,9
[inst #219] sll $11,$10,2
Register Write to Reg: 0x0B Val: 0x00000008
[inst #220] add $12,$9,$11
Register Write to Reg: 0x0C Val: 0x10010008
[inst #221] lw $4,0($12)
Register Write to Reg: 0x04 Val: 0x00000005
[inst #222] addiu $2,$0,1
Register Write to Reg: 0x02 Val: 0x00000001
[inst #223] addiu $2,$0,4
Register Write to Reg: 0x02 Val: 0x00000004
[inst #224] lui $1,4097
Register Write to Reg: 0x01 Val: 0x10010000
[inst #225] ori $4,$1,26
Register Write to Reg: 0x04 Val: 0x1001001A
[inst #226] addi $10,$10,1
Register Write to Reg: 0x0A Val: 0x00000003
[inst #227] j 4194392
[inst #228] beq $10,$8,9
[inst #229] sll $11,$10,2
Register Write to Reg: 0x0B Val: 0x0000000C
[inst #230] add $12,$9,$11
Register Write to Reg: 0x0C Val: 0x1001000C
[inst #231] lw $4,0($12)
Register Write to Reg: 0x04 Val: 0x00000007
[inst #232] addiu $2,$0,1
Register Write to Reg: 0x02 Val: 0x00000001
[inst #233] addiu $2,$0,4
Register Write to Reg: 0x02 Val: 0x00000004
[inst #234] lui $1,4097
Register Write to Reg: 0x01 Val: 0x10010000
[inst #235] ori $4,$1,26
Register Write to Reg: 0x04 Val: 0x1001001A
[inst #236] addi $10,$10,1
Register Write to Reg: 0x0A Val: 0x00000004
[inst #237] j 4194392
[inst #238] beq $10,$8,9
[inst #239] sll $11,$10,2
Register Write to Reg: 0x0B Val: 0x00000010
[inst #240] add $12,$9,$11
Register Write to Reg: 0x0C Val: 0x10010010
[inst #241] lw $4,0($12)
Register Write to Reg: 0x04 Val: 0x00000009
[inst #242] addiu $2,$0,1
Register Write to Reg: 0x02 Val: 0x00000001
[inst #243] addiu $2,$0,4
Register Write to Reg: 0x02 Val: 0x00000004
[inst #244] lui $1,4097
Register Write to Reg: 0x01 Val: 0x10010000
[inst #245] ori $4,$1,26
Register Write to Reg: 0x04 Val: 0x1001001A
[inst #246] addi $10,$10,1
Register Write to Reg: 0x0A Val: 0x00000005
[inst #247] j 4194392
[inst #248] beq $10,$8,9
[inst #249] addiu $2,$0,4
Register Write to Reg: 0x02 Val: 0x00000004
[inst #250] lui $1,4097
Register Write to Reg: 0x01 Val: 0x10010000
[inst #251] ori $4,$1,24
Register Write to Reg: 0x04 Val: 0x10010018
[inst #252] syscall 

[inst #253] jr $31
[inst #254] addiu $2,$0,10
Register Write to Reg: 0x02 Val: 0x0000000A
[inst #255] halt 

